#
# A fatal error has been detected by the Java Runtime Environment:
#
#  Internal Error (jvmciRuntime.cpp:1609), pid=31, tid=45
#  fatal error: Fatal exception in JVMCI: Error calling jdk.vm.ci.services.Services.serializeSavedProperties
#
# JRE version: OpenJDK Runtime Environment GraalVM CE 22.3.0 (17.0.5+8) (build 17.0.5+8-jvmci-22.3-b08)
# Java VM: OpenJDK 64-Bit Server VM GraalVM CE 22.3.0 (17.0.5+8-jvmci-22.3-b08, mixed mode, sharing, tiered, jvmci, jvmci compiler, compressed oops, compressed class ptrs, parallel gc, linux-amd64)
# Problematic frame:
# V  [libjvm.so+0x972714]  JVMCIRuntime::fatal_exception(JVMCIEnv*, char const*)+0x74
#
# Core dump will be written. Default location: Core dumps may be processed with "/usr/share/apport/apport -p%p -s%s -c%c -d%d -P%P -u%u -g%g -- %E" (or dumping to /home/runner/TUGAS-KELOMPOK-KRIPTOGRAFI/core.31)
#
# If you would like to submit a bug report, please visit:
#   https://github.com/oracle/graal/issues
#

---------------  S U M M A R Y ------------

Command Line: -XX:ThreadPriorityPolicy=1 -XX:+UnlockExperimentalVMOptions -XX:+EnableJVMCIProduct -XX:JVMCIThreadsPerNativeLibraryRuntime=1 -XX:-UnlockExperimentalVMOptions -Declipse.application=org.eclipse.jdt.ls.core.id1 -Dosgi.bundles.defaultStartLevel=4 -Declipse.product=org.eclipse.jdt.ls.core.product -Dlog.level=ALL -Xverify:none -XX:+UseParallelGC -XX:GCTimeRatio=4 -XX:AdaptiveSizePolicyWeight=90 -Dsun.zip.disableMemoryMapping=true -Xmx512m -Xms100m /nix/store/m6gcpi1ii6rghy04cjwjddcavv7i90df-jdt-language-server-1.9.0/share/java/plugins/org.eclipse.equinox.launcher_1.6.400.v20210924-0641.jar --add-modules=ALL-SYSTEM --add-opens java.base/java.util=ALL-UNNAMED --add-opens java.base/java.lang=ALL-UNNAMED -configuration /home/runner/.cache/jdt-language-server/config -data /home/runner/.cache/jdt-language-server/data/home/runner/TUGAS-KELOMPOK-KRIPTOGRAFI

Host: AMD EPYC 7B12, 8 cores, 1G, Ubuntu 20.04.2 LTS
Time: Mon Feb 27 02:22:40 2023 UTC elapsed time: 741.763316 seconds (0d 0h 12m 21s)

---------------  T H R E A D  ---------------

Current thread (0x00007f3fd80b2230):  JavaThread "JVMCI-native CompilerThread0" daemon [_thread_in_vm, id=45, stack(0x00007f3fbe31a000,0x00007f3fbe51a000)]


Current CompileTask:
JVMCI-native: 741763 7608       4       org.eclipse.jdt.internal.compiler.parser.Parser::consumeToken (2275 bytes)

Stack: [0x00007f3fbe31a000,0x00007f3fbe51a000],  sp=0x00007f3fbe518380,  free space=2040k
Native frames: (J=compiled Java code, j=interpreted, Vv=VM code, C=native code)
V  [libjvm.so+0x972714]  JVMCIRuntime::fatal_exception(JVMCIEnv*, char const*)+0x74
V  [libjvm.so+0x93e2fe]  JVMCIEnv::copy_saved_properties()+0x14e
V  [libjvm.so+0x9732a9]  JVMCIRuntime::initialize(JVMCIEnv*)+0xb19
V  [libjvm.so+0x9738a2]  JVMCIRuntime::get_HotSpotJVMCIRuntime(JVMCIEnv*)+0x12
V  [libjvm.so+0x9749f2]  JVMCIRuntime::compile_method(JVMCIEnv*, JVMCICompiler*, methodHandle const&, int)+0xd2
V  [libjvm.so+0x5b0d20]  CompileBroker::invoke_compiler_on_method(CompileTask*)+0x1470
V  [libjvm.so+0x5b12e8]  CompileBroker::compiler_thread_loop()+0x528
V  [libjvm.so+0xd82460]  JavaThread::thread_main_inner()+0xd0
V  [libjvm.so+0xd85a40]  Thread::call_run()+0xc0
V  [libjvm.so+0xbdb1e1]  thread_native_entry(Thread*)+0xe1

Register to memory mapping:

RAX=0x00007f3fde08b000 points into unknown readable memory: 0x0000000000000058 | 58 00 00 00 00 00 00 00
RBX=0x00007f3fdf186398: <offset 0x0000000000ef5398> in /nix/store/gpxl5qgg8kicmcvivwmybwjlpf7wh20l-graalvm17-ce-22.3.0/lib/server/libjvm.so at 0x00007f3fde291000
RCX=0x00007f3fdf13e1e8: <offset 0x0000000000ead1e8> in /nix/store/gpxl5qgg8kicmcvivwmybwjlpf7wh20l-graalvm17-ce-22.3.0/lib/server/libjvm.so at 0x00007f3fde291000
RDX=0x0000000000000649 is an unknown value
RSP=0x00007f3fbe518380 is pointing into the stack for thread: 0x00007f3fd80b2230
RBP=0x00007f3fbe5183a0 is pointing into the stack for thread: 0x00007f3fd80b2230
RSI=0x00007f3fdf186c48: <offset 0x0000000000ef5c48> in /nix/store/gpxl5qgg8kicmcvivwmybwjlpf7wh20l-graalvm17-ce-22.3.0/lib/server/libjvm.so at 0x00007f3fde291000
RDI=0x00000000e0000000 is an oop: [B 
{0x00000000e0000000} - klass: {type array byte}
 - length: 58
R8 =0x00007f3fdf186398: <offset 0x0000000000ef5398> in /nix/store/gpxl5qgg8kicmcvivwmybwjlpf7wh20l-graalvm17-ce-22.3.0/lib/server/libjvm.so at 0x00007f3fde291000
R9 =0x00007f3fbe518330 is pointing into the stack for thread: 0x00007f3fd80b2230
R10=0x00007f3fbe519948 is pointing into the stack for thread: 0x00007f3fd80b2230
R11=0x0000000000000293 is an unknown value
R12=0x0 is NULL
R13=0x00007f3fd80b2230 is a thread
R14=0x00007f3fd8000b80 points into unknown readable memory: 0x00007f3fdf3b7a38 | 38 7a 3b df 3f 7f 00 00
R15=0x00007f3fdf4c5e40: <offset 0x0000000001234e40> in /nix/store/gpxl5qgg8kicmcvivwmybwjlpf7wh20l-graalvm17-ce-22.3.0/lib/server/libjvm.so at 0x00007f3fde291000


Registers:
RAX=0x00007f3fde08b000, RBX=0x00007f3fdf186398, RCX=0x00007f3fdf13e1e8, RDX=0x0000000000000649
RSP=0x00007f3fbe518380, RBP=0x00007f3fbe5183a0, RSI=0x00007f3fdf186c48, RDI=0x00000000e0000000
R8 =0x00007f3fdf186398, R9 =0x00007f3fbe518330, R10=0x00007f3fbe519948, R11=0x0000000000000293
R12=0x0000000000000000, R13=0x00007f3fd80b2230, R14=0x00007f3fd8000b80, R15=0x00007f3fdf4c5e40
RIP=0x00007f3fdec03714, EFLAGS=0x0000000000010206, CSGSFS=0x002b000000000033, ERR=0x0000000000000006
  TRAPNO=0x000000000000000e

Top of Stack: (sp=0x00007f3fbe518380)
0x00007f3fbe518380:   00007f3fbe518940 00007f3fd80b2230
0x00007f3fbe518390:   00007f3fdca1c8c8 0000000800c415a8
0x00007f3fbe5183a0:   00007f3fbe518500 00007f3fdebcf2fe
0x00007f3fbe5183b0:   00007f3fbe5183e0 00007f3fbe518440 

Instructions: (pc=0x00007f3fdec03714)
0x00007f3fdec03614:   30 e8 f6 cf e8 ff 4c 89 e7 e8 2e 48 d1 ff 84 db
0x00007f3fdec03624:   75 2a 4d 85 ed 74 04 4d 8b 6d 00 48 83 c4 08 44
0x00007f3fdec03634:   89 f9 4c 89 f2 4c 89 ee 5b 4c 89 e7 41 5c 41 5d
0x00007f3fdec03644:   41 5e 41 5f 5d e9 e2 47 d1 ff 66 90 48 83 c4 08
0x00007f3fdec03654:   5b 41 5c 41 5d 41 5e 41 5f 5d c3 90 31 d2 be 08
0x00007f3fdec03664:   00 00 00 4c 89 ff e8 b1 78 a3 ff 49 89 c5 e9 37
0x00007f3fdec03674:   ff ff ff 66 0f 1f 84 00 00 00 00 00 48 8b 7a 08
0x00007f3fdec03684:   e9 6d ff ff ff 0f 1f 80 00 00 00 00 e8 5b 48 0a
0x00007f3fdec03694:   00 84 c0 75 89 e9 6a ff ff ff 66 90 55 48 89 e5
0x00007f3fdec036a4:   41 56 41 55 41 54 49 89 fc 53 48 89 f3 66 48 8d
0x00007f3fdec036b4:   3d 27 5e 85 00 66 66 48 e8 df 43 8d ff 4c 8b 28
0x00007f3fdec036c4:   8b 05 be 72 8a 00 85 c0 75 14 ba 01 00 00 00 48
0x00007f3fdec036d4:   8d 0d ae 72 8a 00 f0 0f b1 11 85 c0 74 4e be c8
0x00007f3fdec036e4:   00 00 00 4c 89 ef e8 01 0b 41 00 48 8d 05 12 ac
0x00007f3fdec036f4:   85 00 49 89 d8 48 8d 0d e8 aa 53 00 ba 49 06 00
0x00007f3fdec03704:   00 48 8d 35 3c 35 58 00 bf 00 00 00 e0 48 8b 00
0x00007f3fdec03714:   c6 00 58 31 c0 e8 e2 91 c6 ff 5b 41 5c 41 5d 41
0x00007f3fdec03724:   5e 5d e9 55 34 26 00 0f 1f 44 00 00 48 8d 05 81
0x00007f3fdec03734:   a3 8b 00 48 89 df 4c 8b 30 e8 9e 43 8d ff 48 89
0x00007f3fdec03744:   de 48 89 c2 49 8b 06 4c 89 f7 ff 50 08 4c 89 f7
0x00007f3fdec03754:   e8 a7 5c 27 00 4d 85 e4 74 12 be 01 00 00 00 4c
0x00007f3fdec03764:   89 e7 e8 35 43 fc ff eb 82 0f 1f 00 be 01 00 00
0x00007f3fdec03774:   00 4c 89 ef e8 d3 fd ff ff e9 6d ff ff ff 66 66
0x00007f3fdec03784:   2e 0f 1f 84 00 00 00 00 00 0f 1f 00 55 48 89 e5
0x00007f3fdec03794:   41 57 41 56 41 55 41 54 53 48 81 ec 08 02 00 00
0x00007f3fdec037a4:   64 48 8b 04 25 28 00 00 00 48 89 45 c8 8b 07 83
0x00007f3fdec037b4:   f8 02 0f 84 11 04 00 00 4c 8b 6f 18 49 89 ff 49
0x00007f3fdec037c4:   89 f4 4d 85 ed 74 14 4c 89 ef e8 5d 57 22 00 41
0x00007f3fdec037d4:   8b 07 83 f8 02 0f 84 19 04 00 00 48 8d 1d 9a 06
0x00007f3fdec037e4:   8a 00 4c 8d 35 0b 3c 58 00 eb 38 90 48 85 d2 7f
0x00007f3fdec037f4:   0d 48 8d 05 b4 c0 85 00 48 83 38 00 7e 0e 41 8b
0x00007f3fdec03804:   77 2c 4c 89 f7 31 c0 e8 a0 b2 f7 ff 49 8b 7f 18 


Stack slot to memory mapping:
stack at sp + 0 slots: 0x00007f3fbe518940 is pointing into the stack for thread: 0x00007f3fd80b2230
stack at sp + 1 slots: 0x00007f3fd80b2230 is a thread
stack at sp + 2 slots: 0x00007f3fdca1c8c8 points into unknown readable memory: 0x6573001880c9ffff | ff ff c9 80 18 00 73 65
stack at sp + 3 slots: 0x0000000800c415a8 is a pointer to class: 
jdk.vm.ci.services.Services {0x0000000800c415a8}
 - instance size:     2
 - klass size:        65
 - access:            public final synchronized 
 - state:             fully_initialized
 - name:              'jdk/vm/ci/services/Services'
 - super:             'java/lang/Object'
 - sub:               
 - arrays:            NULL
 - methods:           Array<T>(0x00007f3fbec3b0e0)
 - method ordering:   Array<T>(0x0000000800928960)
 - default_methods:   Array<T>(0x0000000000000000)
 - local interfaces:  Array<T>(0x00000008005ce810)
 - trans. interfaces: Array<T>(0x00000008005ce810)
 - constants:         constant pool [427] {0x00007f3fbec3a050} for 'jdk/vm/ci/services/Services' cache=0x00007f3fbec3c3b0
 - class loader data:  loader data: 0x00007f3fd8028410 of 'bootstrap'
 - source file:       'Services.java'
 - class annotations:       Array<T>(0x0000000000000000)
 - class type annotations:  Array<T>(0x0000000000000000)
 - field annotations:       Array<T>(0x0000000000000000)
 - field type annotations:  Array<T>(0x0000000000000000)
 - inner classes:     Array<T>(0x00007f3fbec3c380)
 - nest members:     Array<T>(0x00007f3fbec3c3a0)
 - permitted subclasses:     Array<T>(0x00000008005ce7a0)
 - java mirror:       a 'java/lang/Class'{0x00000000e0178f20} = 'jdk/vm/ci/services/Services'
 - vtable length      5  (start addr: 0x0000000800c41778)
 - itable length      2 (start addr: 0x0000000800c417a0)
 - ---- static fields (3 words):
 - public static final 'IS_BUILDING_NATIVE_IMAGE' 'Z' @128 
 - public static final 'IS_IN_NATIVE_IMAGE' 'Z' @129 
 - private static volatile 'savedProperties' 'Ljava/util/Map;' @112 
 - static final 'JVMCI_ENABLED' 'Z' @130 
 - private static final 'servicesCache' 'Ljava/util/Map;' @116 
 - private static final 'MAX_UNICODE_IN_UTF8_LENGTH' 'I' @120 
 - private static final 'MAX_UTF8_PROPERTY_STRING_LENGTH' 'I' @124 
 - ---- non-static fields (0 words):
 - non-static oop maps: 
stack at sp + 4 slots: 0x00007f3fbe518500 is pointing into the stack for thread: 0x00007f3fd80b2230
stack at sp + 5 slots: 0x00007f3fdebcf2fe: <offset 0x000000000093e2fe> in /nix/store/gpxl5qgg8kicmcvivwmybwjlpf7wh20l-graalvm17-ce-22.3.0/lib/server/libjvm.so at 0x00007f3fde291000
stack at sp + 6 slots: 0x00007f3fbe5183e0 is pointing into the stack for thread: 0x00007f3fd80b2230
stack at sp + 7 slots: 0x00007f3fbe518440 is pointing into the stack for thread: 0x00007f3fd80b2230


---------------  P R O C E S S  ---------------

Threads class SMR info:
_java_thread_list=0x00007f3f40000ca0, length=31, elements={
0x00007f3fd80266b0, 0x00007f3fd80a64f0, 0x00007f3fd80a7930, 0x00007f3fd80ae0a0,
0x00007f3fd80af450, 0x00007f3fd80b0840, 0x00007f3fd80b2230, 0x00007f3fd80b3740,
0x00007f3fd80b4b90, 0x00007f3fd80e0690, 0x00007f3fd81285f0, 0x00007f3fd8344210,
0x00007f3fd83778c0, 0x00007f3fd8379750, 0x00007f3fd863ed40, 0x00007f3f6c017100,
0x00007f3f6c2a1200, 0x00007f3f6c482e30, 0x00007f3f6c5efd40, 0x00007f3fd8451120,
0x00007f3fd8405250, 0x00007f3f68001580, 0x00007f3f68002920, 0x00007f3f4818d4b0,
0x00007f3f480d1f00, 0x00007f3f3c0b9300, 0x00007f3f600010d0, 0x00007f3f48151840,
0x00007f3f480b48f0, 0x00007f3f480cfaa0, 0x00007f3f40075a90
}

Java Threads: ( => current thread )
  0x00007f3fd80266b0 JavaThread "main" [_thread_blocked, id=37, stack(0x00007f3fde0ac000,0x00007f3fde1ac000)]
  0x00007f3fd80a64f0 JavaThread "Reference Handler" daemon [_thread_blocked, id=40, stack(0x00007f3fdc0c3000,0x00007f3fdc1c3000)]
  0x00007f3fd80a7930 JavaThread "Finalizer" daemon [_thread_blocked, id=41, stack(0x00007f3fbeb00000,0x00007f3fbec00000)]
  0x00007f3fd80ae0a0 JavaThread "Signal Dispatcher" daemon [_thread_blocked, id=42, stack(0x00007f3fbe71a000,0x00007f3fbe81a000)]
  0x00007f3fd80af450 JavaThread "Service Thread" daemon [_thread_blocked, id=43, stack(0x00007f3fbe61a000,0x00007f3fbe71a000)]
  0x00007f3fd80b0840 JavaThread "Monitor Deflation Thread" daemon [_thread_blocked, id=44, stack(0x00007f3fbe51a000,0x00007f3fbe61a000)]
=>0x00007f3fd80b2230 JavaThread "JVMCI-native CompilerThread0" daemon [_thread_in_vm, id=45, stack(0x00007f3fbe31a000,0x00007f3fbe51a000)]
  0x00007f3fd80b3740 JavaThread "C1 CompilerThread0" daemon [_thread_blocked, id=46, stack(0x00007f3fbe11a000,0x00007f3fbe31a000)]
  0x00007f3fd80b4b90 JavaThread "Sweeper thread" daemon [_thread_blocked, id=47, stack(0x00007f3fbe01a000,0x00007f3fbe11a000)]
  0x00007f3fd80e0690 JavaThread "Common-Cleaner" daemon [_thread_blocked, id=48, stack(0x00007f3fbdf1a000,0x00007f3fbe01a000)]
  0x00007f3fd81285f0 JavaThread "Notification Thread" daemon [_thread_blocked, id=49, stack(0x00007f3fbde1a000,0x00007f3fbdf1a000)]
  0x00007f3fd8344210 JavaThread "Active Thread: Equinox Container: 08084d6d-d2c2-498d-9532-34de5272b49a" [_thread_blocked, id=63, stack(0x00007f3fbca00000,0x00007f3fbcb00000)]
  0x00007f3fd83778c0 JavaThread "Framework Event Dispatcher: Equinox Container: 08084d6d-d2c2-498d-9532-34de5272b49a" daemon [_thread_blocked, id=64, stack(0x00007f3fbc800000,0x00007f3fbc900000)]
  0x00007f3fd8379750 JavaThread "Start Level: Equinox Container: 08084d6d-d2c2-498d-9532-34de5272b49a" daemon [_thread_blocked, id=65, stack(0x00007f3fbc600000,0x00007f3fbc700000)]
  0x00007f3fd863ed40 JavaThread "Refresh Thread: Equinox Container: 08084d6d-d2c2-498d-9532-34de5272b49a" daemon [_thread_blocked, id=66, stack(0x00007f3fbc400000,0x00007f3fbc500000)]
  0x00007f3f6c017100 JavaThread "SCR Component Actor" daemon [_thread_blocked, id=73, stack(0x00007f3fbc200000,0x00007f3fbc300000)]
  0x00007f3f6c2a1200 JavaThread "Worker-JM" [_thread_blocked, id=77, stack(0x00007f3f85b00000,0x00007f3f85c00000)]
  0x00007f3f6c482e30 JavaThread "Java indexing" daemon [_thread_blocked, id=88, stack(0x00007f3f85500000,0x00007f3f85600000)]
  0x00007f3f6c5efd40 JavaThread "Bundle File Closer" daemon [_thread_blocked, id=89, stack(0x00007f3f85300000,0x00007f3f85400000)]
  0x00007f3fd8451120 JavaThread "pool-3-thread-1" [_thread_blocked, id=90, stack(0x00007f3f85100000,0x00007f3f85200000)]
  0x00007f3fd8405250 JavaThread "pool-2-thread-1" [_thread_blocked, id=100, stack(0x00007f3f84d00000,0x00007f3f84e00000)]
  0x00007f3f68001580 JavaThread "Worker-4" [_thread_blocked, id=102, stack(0x00007f3f84b00000,0x00007f3f84c00000)]
  0x00007f3f68002920 JavaThread "Worker-5: Refreshing workspace" [_thread_blocked, id=133, stack(0x00007f3f84700000,0x00007f3f84800000)]
  0x00007f3f4818d4b0 JavaThread "Thread-5" [_thread_blocked, id=377, stack(0x00007f3f84f00000,0x00007f3f85000000)]
  0x00007f3f480d1f00 JavaThread "Thread-6" [_thread_blocked, id=518, stack(0x00007f3f85700000,0x00007f3f85800000)]
  0x00007f3f3c0b9300 JavaThread "Worker-6: Publish Diagnostics" [_thread_blocked, id=591, stack(0x00007f3f85900000,0x00007f3f85a00000)]
  0x00007f3f600010d0 JavaThread "Worker-7: Compacting resource model" [_thread_blocked, id=592, stack(0x00007f3f84500000,0x00007f3f84600000)]
  0x00007f3f48151840 JavaThread "Thread-7" [_thread_blocked, id=600, stack(0x00007f3fbdc18000,0x00007f3fbdd18000)]
  0x00007f3f480b48f0 JavaThread "Thread-8" [_thread_blocked, id=615, stack(0x00007f3fbd100000,0x00007f3fbd200000)]
  0x00007f3f480cfaa0 JavaThread "Thread-12" [_thread_blocked, id=691, stack(0x00007f3fbc000000,0x00007f3fbc100000)]
  0x00007f3f40075a90 JavaThread "Worker-9" [_thread_blocked, id=1084, stack(0x00007f3fbd300000,0x00007f3fbd400000)]

Other Threads:
  0x00007f3fd80a1c30 VMThread "VM Thread" [stack: 0x00007f3fdc1c5000,0x00007f3fdc2c5000] [id=39] _threads_hazard_ptr=0x00007f3f40000ca0
  0x00007f3fd8129f90 WatcherThread [stack: 0x00007f3fbdd1a000,0x00007f3fbde1a000] [id=50]
  0x00007f3fd803df50 GCTaskThread "GC Thread#0" [stack: 0x00007f3fddc6f000,0x00007f3fddd6f000] [id=38]

Threads with active compile tasks:
JVMCI-native CompilerThread0   741864 7608       4       org.eclipse.jdt.internal.compiler.parser.Parser::consumeToken (2275 bytes)

VM state: synchronizing (normal execution)

VM Mutex/Monitor currently owned by a thread:  ([mutex/lock_event])
[0x00007f3fd8023860] Threads_lock - owner thread: 0x00007f3fd80a1c30
[0x00007f3fd8024010] Heap_lock - owner thread: 0x00007f3f6c482e30

OutOfMemory and StackOverflow Exception counts:
OutOfMemoryError java_heap_errors=3
LinkageErrors=53

Heap address: 0x00000000e0000000, size: 512 MB, Compressed Oops mode: 32-bit

CDS archive(s) mapped at: [0x0000000800000000-0x0000000800bc8000-0x0000000800bc8000), size 12353536, SharedBaseAddress: 0x0000000800000000, ArchiveRelocationMode: 0.
Compressed class space mapped at: 0x0000000800c00000-0x0000000840c00000, reserved size: 1073741824
Narrow klass base: 0x0000000800000000, Narrow klass shift: 0, Narrow klass range: 0x100000000

GC Precious Log:
 CPUs: 8 total, 1 available
 Memory: 1024M
 Large Page Support: Disabled
 NUMA Support: Disabled
 Compressed Oops: Enabled (32-bit)
 Alignments: Space 512K, Generation 512K, Heap 2M
 Heap Min Capacity: 100M
 Heap Initial Capacity: 100M
 Heap Max Capacity: 512M
 Pre-touch: Disabled
 Parallel Workers: 1

Heap:
 PSYoungGen      total 50688K, used 35839K [0x00000000f5580000, 0x00000000f9580000, 0x0000000100000000)
  eden space 35840K, 99% used [0x00000000f5580000,0x00000000f787fff8,0x00000000f7880000)
  from space 14848K, 0% used [0x00000000f8680000,0x00000000f8680000,0x00000000f9500000)
  to   space 14336K, 0% used [0x00000000f7880000,0x00000000f7880000,0x00000000f8680000)
 ParOldGen       total 349696K, used 349695K [0x00000000e0000000, 0x00000000f5580000, 0x00000000f5580000)
  object space 349696K, 99% used [0x00000000e0000000,0x00000000f557fd70,0x00000000f5580000)
 Metaspace       used 54607K, committed 55424K, reserved 1105920K
  class space    used 5479K, committed 5824K, reserved 1048576K

Card table byte_map: [0x00007f3fddd6f000,0x00007f3fdde70000] _byte_map_base: 0x00007f3fdd66f000

Marking Bits: (ParMarkBitMap*) 0x00007f3fdf4bf4c0
 Begin Bits: [0x00007f3fdcbc2000, 0x00007f3fdd3c2000)
 End Bits:   [0x00007f3fdd3c2000, 0x00007f3fddbc2000)

Polling page: 0x00007f3fde089000

Metaspace:

Usage:
  Non-class:     47.98 MB used.
      Class:      5.35 MB used.
       Both:     53.33 MB used.

Virtual space:
  Non-class space:       56.00 MB reserved,      48.44 MB ( 86%) committed,  7 nodes.
      Class space:        1.00 GB reserved,       5.69 MB ( <1%) committed,  1 nodes.
             Both:        1.05 GB reserved,      54.12 MB (  5%) committed. 

Chunk freelists:
   Non-Class:  3.30 MB
       Class:  2.33 MB
        Both:  5.62 MB

MaxMetaspaceSize: unlimited
CompressedClassSpaceSize: 1.00 GB
Initial GC threshold: 21.00 MB
Current GC threshold: 90.00 MB
CDS: on
MetaspaceReclaimPolicy: balanced
 - commit_granule_bytes: 65536.
 - commit_granule_words: 8192.
 - virtual_space_node_default_size: 1048576.
 - enlarge_chunks_in_place: 1.
 - new_chunks_are_fully_committed: 0.
 - uncommit_free_chunks: 1.
 - use_allocation_guard: 0.
 - handle_deallocations: 1.


Internal statistics:

num_allocs_failed_limit: 6.
num_arena_births: 378.
num_arena_deaths: 76.
num_vsnodes_births: 8.
num_vsnodes_deaths: 0.
num_space_committed: 865.
num_space_uncommitted: 0.
num_chunks_returned_to_freelist: 104.
num_chunks_taken_from_freelist: 2471.
num_chunk_merges: 42.
num_chunk_splits: 1614.
num_chunks_enlarged: 1056.
num_purges: 12.
num_inconsistent_stats: 0.

CodeHeap 'non-profiled nmethods': size=120036Kb used=2374Kb max_used=2374Kb free=117661Kb
 bounds [0x00007f3fc6f7a000, 0x00007f3fc71ea000, 0x00007f3fce4b3000]
CodeHeap 'profiled nmethods': size=120032Kb used=12248Kb max_used=13458Kb free=107783Kb
 bounds [0x00007f3fbfa42000, 0x00007f3fc0772000, 0x00007f3fc6f7a000]
CodeHeap 'non-nmethods': size=5692Kb used=1385Kb max_used=1389Kb free=4306Kb
 bounds [0x00007f3fbf4b3000, 0x00007f3fbf723000, 0x00007f3fbfa42000]
 total_blobs=6375 nmethods=5656 adapters=613
 compilation: enabled
              stopped_count=0, restarted_count=0
 full_count=0

JVMCI Events (20 events):
Event: 602.340 Thread 0x00007f3fd80b2230 detached from JVMCI runtime 0
Event: 679.031 Thread 0x00007f3fd80b2230 attached to JVMCI runtime 0
Event: 679.032 Thread 0x00007f3fd80b2230 created JavaVM[7]@0x00007f3f83f9e340 for JVMCI runtime 0
Event: 679.032 Thread 0x00007f3fd80b2230 initializing JVMCI runtime 0
Event: 679.032 Thread 0x00007f3fd80b2230 done waiting for JavaVM references initialization in JVMCI runtime 0
Event: 692.825 Thread 0x00007f3fd80b2230 initialized JVMCI runtime 0
Event: 723.022 Thread 0x00007f3fd80b2230 compacted oop handles in JVMCI runtime 0 from 53 to 52
Event: 729.027 Thread 0x00007f3fd80b2230 compacted oop handles in JVMCI runtime 0 from 80 to 75
Event: 730.521 Thread 0x00007f3fd80b2230 detaching from JVMCI runtime 0: releasing idle compiler thread (0 other threads still attached)
Event: 730.521 Thread 0x00007f3fd80b2230 shutting down HotSpotJVMCIRuntime for JVMCI runtime 0
Event: 730.521 Thread 0x00007f3fd80b2230 compacted oop handles in JVMCI runtime 0 from 75 to 54
Event: 730.522 Thread 0x00007f3fd80b2230 shut down JVMCI runtime 0
Event: 731.835 Thread 0x00007f3fd80b2230 destroyed JavaVM[7]@0x00007f3f83f9e340 for JVMCI runtime 0
Event: 731.835 Thread 0x00007f3fd80b2230 compacted oop handles in JVMCI runtime 0 from 54 to 54
Event: 731.835 Thread 0x00007f3fd80b2230 releasing handles for JVMCI runtime 0: oop handles=54, metadata handles={total=166, live=162, blocks=38}
Event: 731.835 Thread 0x00007f3fd80b2230 detached from JVMCI runtime 0
Event: 736.062 Thread 0x00007f3fd80b2230 attached to JVMCI runtime 0
Event: 736.112 Thread 0x00007f3fd80b2230 created JavaVM[8]@0x00007f3f83f9e340 for JVMCI runtime 0
Event: 736.112 Thread 0x00007f3fd80b2230 initializing JVMCI runtime 0
Event: 736.112 Thread 0x00007f3fd80b2230 done waiting for JavaVM references initialization in JVMCI runtime 0

Compilation events (20 events):
Event: 520.632 Thread 0x00007f3fd80b3740 nmethod 7597 0x00007f3fc0568a10 code [0x00007f3fc0568c60, 0x00007f3fc0569c20]
Event: 520.632 Thread 0x00007f3fd80b3740 7598       3       java.util.stream.Nodes::builder (30 bytes)
Event: 520.633 Thread 0x00007f3fd80b3740 nmethod 7598 0x00007f3fbfdbfd90 code [0x00007f3fbfdbff80, 0x00007f3fbfdc0560]
Event: 520.633 Thread 0x00007f3fd80b3740 7599  s    3       org.eclipse.jdt.internal.core.search.processing.JobManager::currentJob (35 bytes)
Event: 520.633 Thread 0x00007f3fd80b3740 nmethod 7599 0x00007f3fc0094590 code [0x00007f3fc0094760, 0x00007f3fc00950b0]
Event: 583.512 Thread 0x00007f3fd80b2230 7600       4       java.util.concurrent.locks.ReentrantLock::unlock (10 bytes)
Event: 599.320 Thread 0x00007f3fd80b2230 nmethod 7600 0x00007f3fc71c9390 code [0x00007f3fc71c9520, 0x00007f3fc71c96d0]
Event: 679.031 Thread 0x00007f3fd80b2230 7601       4       org.eclipse.jdt.internal.core.CompilationUnit::getMainTypeName (11 bytes)
Event: 681.855 Thread 0x00007f3fd80b3740 7602       3       org.eclipse.jdt.internal.compiler.parser.Scanner::checkTaskTag (937 bytes)
Event: 683.258 Thread 0x00007f3fd80b3740 nmethod 7602 0x00007f3fc058a390 code [0x00007f3fc058a800, 0x00007f3fc058e1a0]
Event: 683.258 Thread 0x00007f3fd80b3740 7603       3       org.eclipse.jdt.internal.compiler.parser.Scanner::getCurrentTokenSource (61 bytes)
Event: 683.258 Thread 0x00007f3fd80b3740 nmethod 7603 0x00007f3fc03cb990 code [0x00007f3fc03cbb60, 0x00007f3fc03cbf90]
Event: 703.428 Thread 0x00007f3fd80b3740 7605       3       org.eclipse.jdt.internal.compiler.parser.Parser::consumeMethodInvocationName (195 bytes)
Event: 706.425 Thread 0x00007f3fd80b3740 nmethod 7605 0x00007f3fc043fe10 code [0x00007f3fc0440040, 0x00007f3fc0441440]
Event: 723.022 Thread 0x00007f3fd80b2230 nmethod 7601 0x00007f3fc71c9890 code [0x00007f3fc71c9a60, 0x00007f3fc71ca1b0]
Event: 723.022 Thread 0x00007f3fd80b2230 7604       4       org.eclipse.jdt.internal.compiler.parser.Scanner::getNextToken (179 bytes)
Event: 726.152 Thread 0x00007f3fd80b3740 7606       3       org.eclipse.jdt.internal.compiler.parser.Parser::consumeRule (7754 bytes)
Event: 729.027 Thread 0x00007f3fd80b2230 nmethod 7604 0x00007f3fc71ca690 code [0x00007f3fc71ca900, 0x00007f3fc71cafb8]
Event: 736.061 Thread 0x00007f3fd80b3740 nmethod 7606 0x00007f3fc05d3f90 code [0x00007f3fc05d8a60, 0x00007f3fc0648440]
Event: 736.062 Thread 0x00007f3fd80b2230 7608       4       org.eclipse.jdt.internal.compiler.parser.Parser::consumeToken (2275 bytes)

GC Heap History (20 events):
Event: 727.643 GC heap before
{Heap before GC invocations=570 (full 462):
 PSYoungGen      total 50688K, used 35839K [0x00000000f5580000, 0x00000000f9580000, 0x0000000100000000)
  eden space 35840K, 99% used [0x00000000f5580000,0x00000000f787fff8,0x00000000f7880000)
  from space 14848K, 0% used [0x00000000f8680000,0x00000000f8680000,0x00000000f9500000)
  to   space 14336K, 0% used [0x00000000f7880000,0x00000000f7880000,0x00000000f8680000)
 ParOldGen       total 349696K, used 349695K [0x00000000e0000000, 0x00000000f5580000, 0x00000000f5580000)
  object space 349696K, 99% used [0x00000000e0000000,0x00000000f557fff8,0x00000000f5580000)
 Metaspace       used 54607K, committed 55424K, reserved 1105920K
  class space    used 5479K, committed 5824K, reserved 1048576K
}
Event: 729.011 GC heap after
{Heap after GC invocations=570 (full 462):
 PSYoungGen      total 50176K, used 35839K [0x00000000f5580000, 0x00000000f9580000, 0x0000000100000000)
  eden space 35840K, 99% used [0x00000000f5580000,0x00000000f787fff8,0x00000000f7880000)
  from space 14336K, 0% used [0x00000000f7880000,0x00000000f7880000,0x00000000f8680000)
  to   space 14848K, 0% used [0x00000000f8680000,0x00000000f8680000,0x00000000f9500000)
 ParOldGen       total 349696K, used 349695K [0x00000000e0000000, 0x00000000f5580000, 0x00000000f5580000)
  object space 349696K, 99% used [0x00000000e0000000,0x00000000f557fe68,0x00000000f5580000)
 Metaspace       used 54607K, committed 55424K, reserved 1105920K
  class space    used 5479K, committed 5824K, reserved 1048576K
}
Event: 729.033 GC heap before
{Heap before GC invocations=571 (full 463):
 PSYoungGen      total 50176K, used 35839K [0x00000000f5580000, 0x00000000f9580000, 0x0000000100000000)
  eden space 35840K, 99% used [0x00000000f5580000,0x00000000f787fff8,0x00000000f7880000)
  from space 14336K, 0% used [0x00000000f7880000,0x00000000f7880000,0x00000000f8680000)
  to   space 14848K, 0% used [0x00000000f8680000,0x00000000f8680000,0x00000000f9500000)
 ParOldGen       total 349696K, used 349695K [0x00000000e0000000, 0x00000000f5580000, 0x00000000f5580000)
  object space 349696K, 99% used [0x00000000e0000000,0x00000000f557fff8,0x00000000f5580000)
 Metaspace       used 54607K, committed 55424K, reserved 1105920K
  class space    used 5479K, committed 5824K, reserved 1048576K
}
Event: 730.521 GC heap after
{Heap after GC invocations=571 (full 463):
 PSYoungGen      total 50688K, used 35839K [0x00000000f5580000, 0x00000000f9580000, 0x0000000100000000)
  eden space 35840K, 99% used [0x00000000f5580000,0x00000000f787fff8,0x00000000f7880000)
  from space 14848K, 0% used [0x00000000f8680000,0x00000000f8680000,0x00000000f9500000)
  to   space 14336K, 0% used [0x00000000f7880000,0x00000000f7880000,0x00000000f8680000)
 ParOldGen       total 349696K, used 349695K [0x00000000e0000000, 0x00000000f5580000, 0x00000000f5580000)
  object space 349696K, 99% used [0x00000000e0000000,0x00000000f557fe48,0x00000000f5580000)
 Metaspace       used 54607K, committed 55424K, reserved 1105920K
  class space    used 5479K, committed 5824K, reserved 1048576K
}
Event: 730.523 GC heap before
{Heap before GC invocations=572 (full 464):
 PSYoungGen      total 50688K, used 35839K [0x00000000f5580000, 0x00000000f9580000, 0x0000000100000000)
  eden space 35840K, 99% used [0x00000000f5580000,0x00000000f787fff8,0x00000000f7880000)
  from space 14848K, 0% used [0x00000000f8680000,0x00000000f8680000,0x00000000f9500000)
  to   space 14336K, 0% used [0x00000000f7880000,0x00000000f7880000,0x00000000f8680000)
 ParOldGen       total 349696K, used 349695K [0x00000000e0000000, 0x00000000f5580000, 0x00000000f5580000)
  object space 349696K, 99% used [0x00000000e0000000,0x00000000f557fe78,0x00000000f5580000)
 Metaspace       used 54607K, committed 55424K, reserved 1105920K
  class space    used 5479K, committed 5824K, reserved 1048576K
}
Event: 731.835 GC heap after
{Heap after GC invocations=572 (full 464):
 PSYoungGen      total 50176K, used 35839K [0x00000000f5580000, 0x00000000f9580000, 0x0000000100000000)
  eden space 35840K, 99% used [0x00000000f5580000,0x00000000f787fff8,0x00000000f7880000)
  from space 14336K, 0% used [0x00000000f7880000,0x00000000f7880000,0x00000000f8680000)
  to   space 14848K, 0% used [0x00000000f8680000,0x00000000f8680000,0x00000000f9500000)
 ParOldGen       total 349696K, used 349695K [0x00000000e0000000, 0x00000000f5580000, 0x00000000f5580000)
  object space 349696K, 99% used [0x00000000e0000000,0x00000000f557fe78,0x00000000f5580000)
 Metaspace       used 54607K, committed 55424K, reserved 1105920K
  class space    used 5479K, committed 5824K, reserved 1048576K
}
Event: 731.835 GC heap before
{Heap before GC invocations=573 (full 465):
 PSYoungGen      total 50176K, used 35839K [0x00000000f5580000, 0x00000000f9580000, 0x0000000100000000)
  eden space 35840K, 99% used [0x00000000f5580000,0x00000000f787fff8,0x00000000f7880000)
  from space 14336K, 0% used [0x00000000f7880000,0x00000000f7880000,0x00000000f8680000)
  to   space 14848K, 0% used [0x00000000f8680000,0x00000000f8680000,0x00000000f9500000)
 ParOldGen       total 349696K, used 349696K [0x00000000e0000000, 0x00000000f5580000, 0x00000000f5580000)
  object space 349696K, 100% used [0x00000000e0000000,0x00000000f5580000,0x00000000f5580000)
 Metaspace       used 54607K, committed 55424K, reserved 1105920K
  class space    used 5479K, committed 5824K, reserved 1048576K
}
Event: 733.208 GC heap after
{Heap after GC invocations=573 (full 465):
 PSYoungGen      total 50688K, used 35839K [0x00000000f5580000, 0x00000000f9580000, 0x0000000100000000)
  eden space 35840K, 99% used [0x00000000f5580000,0x00000000f787fff8,0x00000000f7880000)
  from space 14848K, 0% used [0x00000000f8680000,0x00000000f8680000,0x00000000f9500000)
  to   space 14336K, 0% used [0x00000000f7880000,0x00000000f7880000,0x00000000f8680000)
 ParOldGen       total 349696K, used 349696K [0x00000000e0000000, 0x00000000f5580000, 0x00000000f5580000)
  object space 349696K, 100% used [0x00000000e0000000,0x00000000f5580000,0x00000000f5580000)
 Metaspace       used 54607K, committed 55424K, reserved 1105920K
  class space    used 5479K, committed 5824K, reserved 1048576K
}
Event: 733.208 GC heap before
{Heap before GC invocations=574 (full 466):
 PSYoungGen      total 50688K, used 35839K [0x00000000f5580000, 0x00000000f9580000, 0x0000000100000000)
  eden space 35840K, 99% used [0x00000000f5580000,0x00000000f787fff8,0x00000000f7880000)
  from space 14848K, 0% used [0x00000000f8680000,0x00000000f8680000,0x00000000f9500000)
  to   space 14336K, 0% used [0x00000000f7880000,0x00000000f7880000,0x00000000f8680000)
 ParOldGen       total 349696K, used 349696K [0x00000000e0000000, 0x00000000f5580000, 0x00000000f5580000)
  object space 349696K, 100% used [0x00000000e0000000,0x00000000f5580000,0x00000000f5580000)
 Metaspace       used 54607K, committed 55424K, reserved 1105920K
  class space    used 5479K, committed 5824K, reserved 1048576K
}
Event: 734.448 GC heap after
{Heap after GC invocations=574 (full 466):
 PSYoungGen      total 50176K, used 35839K [0x00000000f5580000, 0x00000000f9580000, 0x0000000100000000)
  eden space 35840K, 99% used [0x00000000f5580000,0x00000000f787fff8,0x00000000f7880000)
  from space 14336K, 0% used [0x00000000f7880000,0x00000000f7880000,0x00000000f8680000)
  to   space 14848K, 0% used [0x00000000f8680000,0x00000000f8680000,0x00000000f9500000)
 ParOldGen       total 349696K, used 349696K [0x00000000e0000000, 0x00000000f5580000, 0x00000000f5580000)
  object space 349696K, 100% used [0x00000000e0000000,0x00000000f5580000,0x00000000f5580000)
 Metaspace       used 54607K, committed 55424K, reserved 1105920K
  class space    used 5479K, committed 5824K, reserved 1048576K
}
Event: 734.459 GC heap before
{Heap before GC invocations=575 (full 467):
 PSYoungGen      total 50176K, used 35839K [0x00000000f5580000, 0x00000000f9580000, 0x0000000100000000)
  eden space 35840K, 99% used [0x00000000f5580000,0x00000000f787fff8,0x00000000f7880000)
  from space 14336K, 0% used [0x00000000f7880000,0x00000000f7880000,0x00000000f8680000)
  to   space 14848K, 0% used [0x00000000f8680000,0x00000000f8680000,0x00000000f9500000)
 ParOldGen       total 349696K, used 349696K [0x00000000e0000000, 0x00000000f5580000, 0x00000000f5580000)
  object space 349696K, 100% used [0x00000000e0000000,0x00000000f5580000,0x00000000f5580000)
 Metaspace       used 54607K, committed 55424K, reserved 1105920K
  class space    used 5479K, committed 5824K, reserved 1048576K
}
Event: 736.061 GC heap after
{Heap after GC invocations=575 (full 467):
 PSYoungGen      total 50688K, used 35839K [0x00000000f5580000, 0x00000000f9580000, 0x0000000100000000)
  eden space 35840K, 99% used [0x00000000f5580000,0x00000000f787fff8,0x00000000f7880000)
  from space 14848K, 0% used [0x00000000f8680000,0x00000000f8680000,0x00000000f9500000)
  to   space 14336K, 0% used [0x00000000f7880000,0x00000000f7880000,0x00000000f8680000)
 ParOldGen       total 349696K, used 349694K [0x00000000e0000000, 0x00000000f5580000, 0x00000000f5580000)
  object space 349696K, 99% used [0x00000000e0000000,0x00000000f557fa40,0x00000000f5580000)
 Metaspace       used 54607K, committed 55424K, reserved 1105920K
  class space    used 5479K, committed 5824K, reserved 1048576K
}
Event: 736.113 GC heap before
{Heap before GC invocations=576 (full 468):
 PSYoungGen      total 50688K, used 35839K [0x00000000f5580000, 0x00000000f9580000, 0x0000000100000000)
  eden space 35840K, 99% used [0x00000000f5580000,0x00000000f787fff8,0x00000000f7880000)
  from space 14848K, 0% used [0x00000000f8680000,0x00000000f8680000,0x00000000f9500000)
  to   space 14336K, 0% used [0x00000000f7880000,0x00000000f7880000,0x00000000f8680000)
 ParOldGen       total 349696K, used 349695K [0x00000000e0000000, 0x00000000f5580000, 0x00000000f5580000)
  object space 349696K, 99% used [0x00000000e0000000,0x00000000f557ffd0,0x00000000f5580000)
 Metaspace       used 54607K, committed 55424K, reserved 1105920K
  class space    used 5479K, committed 5824K, reserved 1048576K
}
Event: 737.458 GC heap after
{Heap after GC invocations=576 (full 468):
 PSYoungGen      total 50176K, used 35839K [0x00000000f5580000, 0x00000000f9580000, 0x0000000100000000)
  eden space 35840K, 99% used [0x00000000f5580000,0x00000000f787fff8,0x00000000f7880000)
  from space 14336K, 0% used [0x00000000f7880000,0x00000000f7880000,0x00000000f8680000)
  to   space 14848K, 0% used [0x00000000f8680000,0x00000000f8680000,0x00000000f9500000)
 ParOldGen       total 349696K, used 349695K [0x00000000e0000000, 0x00000000f5580000, 0x00000000f5580000)
  object space 349696K, 99% used [0x00000000e0000000,0x00000000f557fc10,0x00000000f5580000)
 Metaspace       used 54607K, committed 55424K, reserved 1105920K
  class space    used 5479K, committed 5824K, reserved 1048576K
}
Event: 737.459 GC heap before
{Heap before GC invocations=577 (full 469):
 PSYoungGen      total 50176K, used 35839K [0x00000000f5580000, 0x00000000f9580000, 0x0000000100000000)
  eden space 35840K, 99% used [0x00000000f5580000,0x00000000f787fff8,0x00000000f7880000)
  from space 14336K, 0% used [0x00000000f7880000,0x00000000f7880000,0x00000000f8680000)
  to   space 14848K, 0% used [0x00000000f8680000,0x00000000f8680000,0x00000000f9500000)
 ParOldGen       total 349696K, used 349695K [0x00000000e0000000, 0x00000000f5580000, 0x00000000f5580000)
  object space 349696K, 99% used [0x00000000e0000000,0x00000000f557fca8,0x00000000f5580000)
 Metaspace       used 54607K, committed 55424K, reserved 1105920K
  class space    used 5479K, committed 5824K, reserved 1048576K
}
Event: 738.938 GC heap after
{Heap after GC invocations=577 (full 469):
 PSYoungGen      total 50688K, used 35839K [0x00000000f5580000, 0x00000000f9580000, 0x0000000100000000)
  eden space 35840K, 99% used [0x00000000f5580000,0x00000000f787fff8,0x00000000f7880000)
  from space 14848K, 0% used [0x00000000f8680000,0x00000000f8680000,0x00000000f9500000)
  to   space 14336K, 0% used [0x00000000f7880000,0x00000000f7880000,0x00000000f8680000)
 ParOldGen       total 349696K, used 349695K [0x00000000e0000000, 0x00000000f5580000, 0x00000000f5580000)
  object space 349696K, 99% used [0x00000000e0000000,0x00000000f557fc18,0x00000000f5580000)
 Metaspace       used 54607K, committed 55424K, reserved 1105920K
  class space    used 5479K, committed 5824K, reserved 1048576K
}
Event: 738.941 GC heap before
{Heap before GC invocations=578 (full 470):
 PSYoungGen      total 50688K, used 35839K [0x00000000f5580000, 0x00000000f9580000, 0x0000000100000000)
  eden space 35840K, 99% used [0x00000000f5580000,0x00000000f787fff8,0x00000000f7880000)
  from space 14848K, 0% used [0x00000000f8680000,0x00000000f8680000,0x00000000f9500000)
  to   space 14336K, 0% used [0x00000000f7880000,0x00000000f7880000,0x00000000f8680000)
 ParOldGen       total 349696K, used 349695K [0x00000000e0000000, 0x00000000f5580000, 0x00000000f5580000)
  object space 349696K, 99% used [0x00000000e0000000,0x00000000f557fff0,0x00000000f5580000)
 Metaspace       used 54607K, committed 55424K, reserved 1105920K
  class space    used 5479K, committed 5824K, reserved 1048576K
}
Event: 740.358 GC heap after
{Heap after GC invocations=578 (full 470):
 PSYoungGen      total 50176K, used 35839K [0x00000000f5580000, 0x00000000f9580000, 0x0000000100000000)
  eden space 35840K, 99% used [0x00000000f5580000,0x00000000f787fff8,0x00000000f7880000)
  from space 14336K, 0% used [0x00000000f7880000,0x00000000f7880000,0x00000000f8680000)
  to   space 14848K, 0% used [0x00000000f8680000,0x00000000f8680000,0x00000000f9500000)
 ParOldGen       total 349696K, used 349695K [0x00000000e0000000, 0x00000000f5580000, 0x00000000f5580000)
  object space 349696K, 99% used [0x00000000e0000000,0x00000000f557fc90,0x00000000f5580000)
 Metaspace       used 54607K, committed 55424K, reserved 1105920K
  class space    used 5479K, committed 5824K, reserved 1048576K
}
Event: 740.358 GC heap before
{Heap before GC invocations=579 (full 471):
 PSYoungGen      total 50176K, used 35839K [0x00000000f5580000, 0x00000000f9580000, 0x0000000100000000)
  eden space 35840K, 99% used [0x00000000f5580000,0x00000000f787fff8,0x00000000f7880000)
  from space 14336K, 0% used [0x00000000f7880000,0x00000000f7880000,0x00000000f8680000)
  to   space 14848K, 0% used [0x00000000f8680000,0x00000000f8680000,0x00000000f9500000)
 ParOldGen       total 349696K, used 349695K [0x00000000e0000000, 0x00000000f5580000, 0x00000000f5580000)
  object space 349696K, 99% used [0x00000000e0000000,0x00000000f557fc90,0x00000000f5580000)
 Metaspace       used 54607K, committed 55424K, reserved 1105920K
  class space    used 5479K, committed 5824K, reserved 1048576K
}
Event: 741.751 GC heap after
{Heap after GC invocations=579 (full 471):
 PSYoungGen      total 50688K, used 35839K [0x00000000f5580000, 0x00000000f9580000, 0x0000000100000000)
  eden space 35840K, 99% used [0x00000000f5580000,0x00000000f787fff8,0x00000000f7880000)
  from space 14848K, 0% used [0x00000000f8680000,0x00000000f8680000,0x00000000f9500000)
  to   space 14336K, 0% used [0x00000000f7880000,0x00000000f7880000,0x00000000f8680000)
 ParOldGen       total 349696K, used 349695K [0x00000000e0000000, 0x00000000f5580000, 0x00000000f5580000)
  object space 349696K, 99% used [0x00000000e0000000,0x00000000f557fc90,0x00000000f5580000)
 Metaspace       used 54607K, committed 55424K, reserved 1105920K
  class space    used 5479K, committed 5824K, reserved 1048576K
}

Dll operation events (9 events):
Event: 0.002 Loaded shared library /nix/store/gpxl5qgg8kicmcvivwmybwjlpf7wh20l-graalvm17-ce-22.3.0/lib/libjava.so
Event: 0.007 Loaded shared library /nix/store/gpxl5qgg8kicmcvivwmybwjlpf7wh20l-graalvm17-ce-22.3.0/lib/libjsvml.so
Event: 0.146 Loaded shared library /nix/store/gpxl5qgg8kicmcvivwmybwjlpf7wh20l-graalvm17-ce-22.3.0/lib/libnio.so
Event: 0.207 Loaded shared library /nix/store/gpxl5qgg8kicmcvivwmybwjlpf7wh20l-graalvm17-ce-22.3.0/lib/libjvmcicompiler.so
Event: 0.215 Loaded shared library /nix/store/gpxl5qgg8kicmcvivwmybwjlpf7wh20l-graalvm17-ce-22.3.0/lib/libzip.so
Event: 0.528 Loaded shared library /nix/store/gpxl5qgg8kicmcvivwmybwjlpf7wh20l-graalvm17-ce-22.3.0/lib/libjimage.so
Event: 1.020 Loaded shared library /nix/store/gpxl5qgg8kicmcvivwmybwjlpf7wh20l-graalvm17-ce-22.3.0/lib/libnet.so
Event: 4.316 Loaded shared library /home/runner/.cache/jdt-language-server/config/org.eclipse.equinox.launcher/org.eclipse.equinox.launcher.gtk.linux.x86_64_1.2.400.v20211117-0650/eclipse_11600.so
Event: 13.912 Loaded shared library /nix/store/gpxl5qgg8kicmcvivwmybwjlpf7wh20l-graalvm17-ce-22.3.0/lib/libextnet.so

Deoptimization events (20 events):
Event: 101.708 Thread 0x00007f3f480cfaa0 DEOPT PACKING pc=0x00007f3fc702a907 sp=0x00007f3f849fdd90
Event: 101.708 Thread 0x00007f3f480cfaa0 DEOPT UNPACKING pc=0x00007f3fbf505325 sp=0x00007f3f849fd240 mode 3
Event: 153.925 Thread 0x00007f3fd8405250 DEOPT PACKING pc=0x00007f3fc0444d5f sp=0x00007f3f84dfcd60
Event: 153.925 Thread 0x00007f3fd8405250 DEOPT UNPACKING pc=0x00007f3fbf505325 sp=0x00007f3f84dfc2b8 mode 0
Event: 172.363 Thread 0x00007f3f480d0310 DEOPT PACKING pc=0x00007f3fc0516280 sp=0x00007f3fbc0fd540
Event: 172.363 Thread 0x00007f3f480d0310 DEOPT UNPACKING pc=0x00007f3fbf505325 sp=0x00007f3fbc0fcaa8 mode 0
Event: 208.143 Thread 0x00007f3f480cfaa0 DEOPT PACKING pc=0x00007f3fc045db79 sp=0x00007f3fbc0fdaa0
Event: 208.143 Thread 0x00007f3f480cfaa0 DEOPT UNPACKING pc=0x00007f3fbf505325 sp=0x00007f3fbc0fcff8 mode 0
Event: 684.750 Thread 0x00007f3f3c0b9300 Uncommon trap: trap_request=0xffffffcd fr.pc=0x00007f3fc71c269a relative=0x000000000000171a
Event: 684.751 Thread 0x00007f3f3c0b9300 Uncommon trap: reason=intrinsic_or_type_checked_inlining action=reinterpret pc=0x00007f3fc71c269a method=org.eclipse.jdt.internal.compiler.parser.Parser.consumeRule(I)V @ 0 jvmci
Event: 684.751 Thread 0x00007f3f3c0b9300 DEOPT PACKING pc=0x00007f3fc71c269a sp=0x00007f3f859fdec0
Event: 684.751 Thread 0x00007f3f3c0b9300 DEOPT UNPACKING pc=0x00007f3fbf505325 sp=0x00007f3f859fd368 mode 3
Event: 723.027 Thread 0x00007f3f6c482e30 Uncommon trap: trap_request=0xffffff8f fr.pc=0x00007f3fc70f6f0c relative=0x000000000000104c
Event: 723.027 Thread 0x00007f3f6c482e30 Uncommon trap: reason=constraint action=none pc=0x00007f3fc70f6f0c method=org.eclipse.jdt.internal.core.index.DiskIndex.copyQueryResults(Lorg/eclipse/jdt/internal/compiler/util/HashtableOfObject;I)V @ 123 jvmci
Event: 723.027 Thread 0x00007f3f6c482e30 DEOPT PACKING pc=0x00007f3fc70f6f0c sp=0x00007f3f855fe550
Event: 723.027 Thread 0x00007f3f6c482e30 DEOPT UNPACKING pc=0x00007f3fbf505325 sp=0x00007f3f855fda28 mode 3
Event: 734.449 Thread 0x00007f3f6c482e30 Uncommon trap: trap_request=0xffffff8f fr.pc=0x00007f3fc7146d97 relative=0x0000000000002a57
Event: 734.449 Thread 0x00007f3f6c482e30 Uncommon trap: reason=constraint action=none pc=0x00007f3fc7146d97 method=org.eclipse.jdt.internal.compiler.util.HashtableOfObject.putUnsafely([CLjava/lang/Object;)V @ 47 jvmci
Event: 736.062 Thread 0x00007f3f6c482e30 DEOPT PACKING pc=0x00007f3fc7146d97 sp=0x00007f3f855fe500
Event: 736.062 Thread 0x00007f3f6c482e30 DEOPT UNPACKING pc=0x00007f3fbf505325 sp=0x00007f3f855fd9b0 mode 3

Classes unloaded (20 events):
Event: 150.321 Thread 0x00007f3fd80a1c30 Unloading class 0x0000000800ef4800 'jdk/internal/reflect/GeneratedConstructorAccessor10'
Event: 150.321 Thread 0x00007f3fd80a1c30 Unloading class 0x0000000800ef4400 'jdk/internal/reflect/GeneratedConstructorAccessor9'
Event: 150.321 Thread 0x00007f3fd80a1c30 Unloading class 0x0000000800ef4000 'jdk/internal/reflect/GeneratedConstructorAccessor8'
Event: 156.812 Thread 0x00007f3fd80a1c30 Unloading class 0x000000080106b800 'java/lang/invoke/LambdaForm$MH+0x000000080106b800'
Event: 156.812 Thread 0x00007f3fd80a1c30 Unloading class 0x000000080106b400 'java/lang/invoke/LambdaForm$MH+0x000000080106b400'
Event: 156.812 Thread 0x00007f3fd80a1c30 Unloading class 0x000000080106b000 'java/lang/invoke/LambdaForm$MH+0x000000080106b000'
Event: 156.812 Thread 0x00007f3fd80a1c30 Unloading class 0x000000080106ac00 'java/lang/invoke/LambdaForm$MH+0x000000080106ac00'
Event: 156.812 Thread 0x00007f3fd80a1c30 Unloading class 0x000000080106a800 'java/lang/invoke/LambdaForm$MH+0x000000080106a800'
Event: 156.812 Thread 0x00007f3fd80a1c30 Unloading class 0x000000080106a400 'java/lang/invoke/LambdaForm$MH+0x000000080106a400'
Event: 156.812 Thread 0x00007f3fd80a1c30 Unloading class 0x0000000800d98400 'java/lang/invoke/LambdaForm$MH+0x0000000800d98400'
Event: 156.812 Thread 0x00007f3fd80a1c30 Unloading class 0x0000000800d04000 'java/lang/invoke/LambdaForm$MH+0x0000000800d04000'
Event: 162.824 Thread 0x00007f3fd80a1c30 Unloading class 0x000000080108d400 'jdk/internal/reflect/GeneratedSerializationConstructorAccessor4'
Event: 162.824 Thread 0x00007f3fd80a1c30 Unloading class 0x000000080108d000 'jdk/internal/reflect/GeneratedSerializationConstructorAccessor3'
Event: 162.824 Thread 0x00007f3fd80a1c30 Unloading class 0x000000080108cc00 'jdk/internal/reflect/GeneratedSerializationConstructorAccessor2'
Event: 162.824 Thread 0x00007f3fd80a1c30 Unloading class 0x000000080108c800 'jdk/internal/reflect/GeneratedSerializationConstructorAccessor1'
Event: 165.820 Thread 0x00007f3fd80a1c30 Unloading class 0x00000008010f8c00 'jdk/internal/reflect/GeneratedConstructorAccessor33'
Event: 165.821 Thread 0x00007f3fd80a1c30 Unloading class 0x00000008010f8800 'jdk/internal/reflect/GeneratedConstructorAccessor32'
Event: 165.821 Thread 0x00007f3fd80a1c30 Unloading class 0x00000008010f8400 'jdk/internal/reflect/GeneratedConstructorAccessor31'
Event: 165.821 Thread 0x00007f3fd80a1c30 Unloading class 0x00000008010f8000 'jdk/internal/reflect/GeneratedConstructorAccessor30'
Event: 165.821 Thread 0x00007f3fd80a1c30 Unloading class 0x00000008010f1c00 'jdk/internal/reflect/GeneratedConstructorAccessor29'

Classes redefined (0 events):
No events

Internal exceptions (20 events):
Event: 28.327 Thread 0x00007f3f6c305010 Exception <a 'sun/nio/fs/UnixException'{0x00000000f5bb9070}> (0x00000000f5bb9070) 
thrown [src/hotspot/share/prims/jni.cpp, line 516]
Event: 28.328 Thread 0x00007f3f6c305010 Exception <a 'sun/nio/fs/UnixException'{0x00000000f5bbc8f8}> (0x00000000f5bbc8f8) 
thrown [src/hotspot/share/prims/jni.cpp, line 516]
Event: 28.328 Thread 0x00007f3f6c305010 Exception <a 'sun/nio/fs/UnixException'{0x00000000f5bbd728}> (0x00000000f5bbd728) 
thrown [src/hotspot/share/prims/jni.cpp, line 516]
Event: 28.329 Thread 0x00007f3f6c305010 Exception <a 'sun/nio/fs/UnixException'{0x00000000f5bc3e80}> (0x00000000f5bc3e80) 
thrown [src/hotspot/share/prims/jni.cpp, line 516]
Event: 28.612 Thread 0x00007f3f6c305010 Exception <a 'java/lang/NoSuchMethodError'{0x00000000f5591c50}: 'int java.lang.invoke.DirectMethodHandle$Holder.invokeVirtual(java.lang.Object, java.lang.Object)'> (0x00000000f5591c50) 
thrown [src/hotspot/share/interpreter/linkResolver.cpp, line 758]
Event: 28.707 Thread 0x00007f3f6c305010 Implicit null exception at 0x00007f3fc70c2ebe to 0x00007f3fc70c343b
Event: 28.709 Thread 0x00007f3f6c305010 Exception <a 'java/lang/NoSuchMethodError'{0x00000000f5912a28}: 'int java.lang.invoke.DirectMethodHandle$Holder.invokeVirtual(java.lang.Object, java.lang.Object, java.lang.Object)'> (0x00000000f5912a28) 
thrown [src/hotspot/share/interpreter/linkResolver.cpp, line 758]
Event: 29.606 Thread 0x00007f3f6c305010 Exception <a 'sun/nio/fs/UnixException'{0x00000000f5970048}> (0x00000000f5970048) 
thrown [src/hotspot/share/prims/jni.cpp, line 516]
Event: 29.827 Thread 0x00007f3f6c305010 Exception <a 'sun/nio/fs/UnixException'{0x00000000f6399d20}> (0x00000000f6399d20) 
thrown [src/hotspot/share/prims/jni.cpp, line 516]
Event: 30.017 Thread 0x00007f3f6c305010 Exception <a 'sun/nio/fs/UnixException'{0x00000000f5622078}> (0x00000000f5622078) 
thrown [src/hotspot/share/prims/jni.cpp, line 516]
Event: 32.213 Thread 0x00007f3f48184b60 Exception <a 'java/lang/NoSuchMethodError'{0x00000000f5d5bc20}: 'int java.lang.invoke.DirectMethodHandle$Holder.invokeStatic(java.lang.Object, java.lang.Object, java.lang.Object, int)'> (0x00000000f5d5bc20) 
thrown [src/hotspot/share/interpreter/linkResolver.cpp, line 758]
Event: 32.709 Thread 0x00007f3f48184b60 Implicit null exception at 0x00007f3fc70dc6bf to 0x00007f3fc70dc803
Event: 34.512 Thread 0x00007f3f48184b60 Exception <a 'java/lang/NoSuchMethodError'{0x00000000f59cfe40}: 'java.lang.Object java.lang.invoke.DirectMethodHandle$Holder.invokeStatic(java.lang.Object, int, java.lang.Object, java.lang.Object, java.lang.Object, java.lang.Object)'> (0x00000000f59cfe40) 
thrown [src/hotspot/share/interpreter/linkResolver.cpp, line 758]
Event: 34.815 Thread 0x00007f3f48184b60 Exception <a 'java/lang/NoSuchMethodError'{0x00000000f65f7270}: 'void java.lang.invoke.DirectMethodHandle$Holder.invokeSpecial(java.lang.Object, java.lang.Object, int)'> (0x00000000f65f7270) 
thrown [src/hotspot/share/interpreter/linkResolver.cpp, line 758]
Event: 35.628 Thread 0x00007f3f48184b60 Exception <a 'java/lang/NoSuchMethodError'{0x00000000f5fca868}: 'int java.lang.invoke.DirectMethodHandle$Holder.invokeSpecialIFC(java.lang.Object, java.lang.Object, java.lang.Object, java.lang.Object)'> (0x00000000f5fca868) 
thrown [src/hotspot/share/interpreter/linkResolver.cpp, line 758]
Event: 723.027 Thread 0x00007f3f6c482e30 Exception <a 'java/lang/OutOfMemoryError'{0x00000000e0013fc8}> (0x00000000e0013fc8) 
thrown [src/hotspot/share/gc/shared/memAllocator.cpp, line 138]
Event: 723.027 Thread 0x00007f3f6c482e30 Implicit null exception at 0x00007f3fc70f6953 to 0x00007f3fc70f6ef1
Event: 734.449 Thread 0x00007f3f6c482e30 Exception <a 'java/lang/OutOfMemoryError'{0x00000000e0013a28}> (0x00000000e0013a28) 
thrown [src/hotspot/share/gc/shared/memAllocator.cpp, line 138]
Event: 734.449 Thread 0x00007f3f6c482e30 Implicit null exception at 0x00007f3fc7144ee0 to 0x00007f3fc7146d7c
Event: 741.751 Thread 0x00007f3fd80b2230 Exception <a 'java/lang/OutOfMemoryError'{0x00000000e00137a8}> (0x00000000e00137a8) 
thrown [src/hotspot/share/gc/shared/memAllocator.cpp, line 136]

VM Operations (20 events):
Event: 724.732 Executing VM operation: ParallelGCFailedAllocation
Event: 726.152 Executing VM operation: ParallelGCFailedAllocation done
Event: 726.152 Executing VM operation: ParallelGCFailedAllocation
Event: 727.643 Executing VM operation: ParallelGCFailedAllocation done
Event: 727.643 Executing VM operation: ParallelGCFailedAllocation
Event: 729.031 Executing VM operation: ParallelGCFailedAllocation done
Event: 729.031 Executing VM operation: ParallelGCFailedAllocation
Event: 730.523 Executing VM operation: ParallelGCFailedAllocation done
Event: 730.523 Executing VM operation: ParallelGCFailedAllocation
Event: 731.835 Executing VM operation: ParallelGCFailedAllocation done
Event: 731.835 Executing VM operation: ParallelGCFailedAllocation
Event: 734.448 Executing VM operation: ParallelGCFailedAllocation done
Event: 734.449 Executing VM operation: ParallelGCFailedAllocation
Event: 736.062 Executing VM operation: ParallelGCFailedAllocation done
Event: 736.112 Executing VM operation: ParallelGCFailedAllocation
Event: 737.458 Executing VM operation: ParallelGCFailedAllocation done
Event: 737.458 Executing VM operation: ParallelGCFailedAllocation
Event: 738.938 Executing VM operation: ParallelGCFailedAllocation done
Event: 738.941 Executing VM operation: ParallelGCFailedAllocation
Event: 741.751 Executing VM operation: ParallelGCFailedAllocation done

Events (20 events):
Event: 176.844 Thread 0x00007f3f3c0bb2c0 Thread added: 0x00007f3f3c0bb2c0
Event: 176.844 Protecting memory [0x00007f3fbd300000,0x00007f3fbd304000] with protection modes 0
Event: 178.321 Thread 0x00007f3f480b48f0 Thread added: 0x00007f3f480b48f0
Event: 178.321 Protecting memory [0x00007f3fbd100000,0x00007f3fbd104000] with protection modes 0
Event: 179.824 Thread 0x00007f3f480b5330 Thread added: 0x00007f3f480b5330
Event: 179.824 Protecting memory [0x00007f3fbcf00000,0x00007f3fbcf04000] with protection modes 0
Event: 184.029 Thread 0x00007f3f480b63e0 Thread added: 0x00007f3f480b63e0
Event: 184.029 Protecting memory [0x00007f3fbcd00000,0x00007f3fbcd04000] with protection modes 0
Event: 185.440 Thread 0x00007f3f480b5330 Thread exited: 0x00007f3f480b5330
Event: 188.344 Thread 0x00007f3f480b63e0 Thread exited: 0x00007f3f480b63e0
Event: 193.112 Thread 0x00007f3f480b63e0 Thread added: 0x00007f3f480b63e0
Event: 193.112 Protecting memory [0x00007f3fbcd00000,0x00007f3fbcd04000] with protection modes 0
Event: 198.830 Thread 0x00007f3f480b63e0 Thread exited: 0x00007f3f480b63e0
Event: 204.724 Thread 0x00007f3f480cfaa0 Thread exited: 0x00007f3f480cfaa0
Event: 206.247 Thread 0x00007f3f480d0310 Thread exited: 0x00007f3f480d0310
Event: 206.248 Thread 0x00007f3f480cfaa0 Thread added: 0x00007f3f480cfaa0
Event: 206.252 Protecting memory [0x00007f3fbc000000,0x00007f3fbc004000] with protection modes 0
Event: 239.838 Thread 0x00007f3f3c0bb2c0 Thread exited: 0x00007f3f3c0bb2c0
Event: 317.338 Thread 0x00007f3f40075a90 Thread added: 0x00007f3f40075a90
Event: 317.338 Protecting memory [0x00007f3fbd300000,0x00007f3fbd304000] with protection modes 0


Dynamic libraries:
e0000000-f5580000 rw-p 00000000 00:00 0 
f5580000-f9580000 rw-p 00000000 00:00 0 
f9580000-100000000 ---p 00000000 00:00 0 
800000000-800449000 rw-p 00001000 00:1519 4611686019135357769            /nix/store/gpxl5qgg8kicmcvivwmybwjlpf7wh20l-graalvm17-ce-22.3.0/lib/server/classes.jsa
800449000-800bc8000 r--p 0044a000 00:1519 4611686019135357769            /nix/store/gpxl5qgg8kicmcvivwmybwjlpf7wh20l-graalvm17-ce-22.3.0/lib/server/classes.jsa
800bc8000-800c00000 ---p 00000000 00:00 0 
800c00000-800c20000 rw-p 00000000 00:00 0 
800c20000-800c40000 rw-p 00000000 00:00 0 
800c40000-800cc0000 rw-p 00000000 00:00 0 
800cc0000-800d00000 rw-p 00000000 00:00 0 
800d00000-800dc0000 rw-p 00000000 00:00 0 
800dc0000-800e00000 rw-p 00000000 00:00 0 
800e00000-800f40000 rw-p 00000000 00:00 0 
800f40000-800fc0000 rw-p 00000000 00:00 0 
800fc0000-801000000 rw-p 00000000 00:00 0 
801000000-8011b0000 rw-p 00000000 00:00 0 
8011b0000-840c00000 ---p 00000000 00:00 0 
55c419964000-55c419965000 r-xp 00000000 00:1519 4611686019099417844      /nix/store/gpxl5qgg8kicmcvivwmybwjlpf7wh20l-graalvm17-ce-22.3.0/bin/.java-wrapped
55c419966000-55c419967000 r--p 00001000 00:1519 4611686019099417844      /nix/store/gpxl5qgg8kicmcvivwmybwjlpf7wh20l-graalvm17-ce-22.3.0/bin/.java-wrapped
55c419967000-55c419968000 rw-p 00002000 00:1519 4611686019099417844      /nix/store/gpxl5qgg8kicmcvivwmybwjlpf7wh20l-graalvm17-ce-22.3.0/bin/.java-wrapped
55c419968000-55c419969000 rw-p 00004000 00:1519 4611686019099417844      /nix/store/gpxl5qgg8kicmcvivwmybwjlpf7wh20l-graalvm17-ce-22.3.0/bin/.java-wrapped
55c419969000-55c41996a000 rw-p 00005000 00:1519 4611686019099417844      /nix/store/gpxl5qgg8kicmcvivwmybwjlpf7wh20l-graalvm17-ce-22.3.0/bin/.java-wrapped
55c41a772000-55c41a7ba000 rw-p 00000000 00:00 0                          [heap]
7f3f14000000-7f3f14021000 rw-p 00000000 00:00 0 
7f3f14021000-7f3f18000000 ---p 00000000 00:00 0 
7f3f1c000000-7f3f1c021000 rw-p 00000000 00:00 0 
7f3f1c021000-7f3f20000000 ---p 00000000 00:00 0 
7f3f20000000-7f3f20021000 rw-p 00000000 00:00 0 
7f3f20021000-7f3f24000000 ---p 00000000 00:00 0 
7f3f24000000-7f3f24059000 rw-p 00000000 00:00 0 
7f3f24059000-7f3f28000000 ---p 00000000 00:00 0 
7f3f28000000-7f3f28021000 rw-p 00000000 00:00 0 
7f3f28021000-7f3f2c000000 ---p 00000000 00:00 0 
7f3f2c000000-7f3f2c021000 rw-p 00000000 00:00 0 
7f3f2c021000-7f3f30000000 ---p 00000000 00:00 0 
7f3f31400000-7f3f31c00000 rw-p 00000000 00:00 0 
7f3f31cb3000-7f3f3b800000 r--s 00000000 00:1519 4611686019135192581      /nix/store/gpxl5qgg8kicmcvivwmybwjlpf7wh20l-graalvm17-ce-22.3.0/lib/modules
7f3f3b800000-7f3f3bd00000 rw-p 00000000 00:00 0 
7f3f3bd00000-7f3f3bdb0000 rw-p 00000000 00:00 0 
7f3f3bdb0000-7f3f3be00000 ---p 00000000 00:00 0 
7f3f3be00000-7f3f3c000000 rw-p 00000000 00:00 0 
7f3f3c000000-7f3f3c0db000 rw-p 00000000 00:00 0 
7f3f3c0db000-7f3f40000000 ---p 00000000 00:00 0 
7f3f40000000-7f3f4017a000 rw-p 00000000 00:00 0 
7f3f4017a000-7f3f44000000 ---p 00000000 00:00 0 
7f3f44000000-7f3f44104000 rw-p 00000000 00:00 0 
7f3f44104000-7f3f48000000 ---p 00000000 00:00 0 
7f3f48000000-7f3f48197000 rw-p 00000000 00:00 0 
7f3f48197000-7f3f4c000000 ---p 00000000 00:00 0 
7f3f4c000000-7f3f4c021000 rw-p 00000000 00:00 0 
7f3f4c021000-7f3f50000000 ---p 00000000 00:00 0 
7f3f50000000-7f3f50021000 rw-p 00000000 00:00 0 
7f3f50021000-7f3f54000000 ---p 00000000 00:00 0 
7f3f54000000-7f3f5405c000 rw-p 00000000 00:00 0 
7f3f5405c000-7f3f58000000 ---p 00000000 00:00 0 
7f3f58000000-7f3f58059000 rw-p 00000000 00:00 0 
7f3f58059000-7f3f5c000000 ---p 00000000 00:00 0 
7f3f5c000000-7f3f5c021000 rw-p 00000000 00:00 0 
7f3f5c021000-7f3f60000000 ---p 00000000 00:00 0 
7f3f60000000-7f3f6032a000 rw-p 00000000 00:00 0 
7f3f6032a000-7f3f64000000 ---p 00000000 00:00 0 
7f3f64000000-7f3f64021000 rw-p 00000000 00:00 0 
7f3f64021000-7f3f68000000 ---p 00000000 00:00 0 
7f3f68000000-7f3f68072000 rw-p 00000000 00:00 0 
7f3f68072000-7f3f6c000000 ---p 00000000 00:00 0 
7f3f6c000000-7f3f6c8bc000 rw-p 00000000 00:00 0 
7f3f6c8bc000-7f3f70000000 ---p 00000000 00:00 0 
7f3f70000000-7f3f70026000 rw-p 00000000 00:00 0 
7f3f70026000-7f3f74000000 ---p 00000000 00:00 0 
7f3f74000000-7f3f74021000 rw-p 00000000 00:00 0 
7f3f74021000-7f3f78000000 ---p 00000000 00:00 0 
7f3f78000000-7f3f78021000 rw-p 00000000 00:00 0 
7f3f78021000-7f3f7c000000 ---p 00000000 00:00 0 
7f3f7c000000-7f3f7c024000 rw-p 00000000 00:00 0 
7f3f7c024000-7f3f80000000 ---p 00000000 00:00 0 
7f3f80400000-7f3f80500000 rw-p 00000000 00:00 0 
7f3f80500000-7f3f80580000 rw-p 00000000 00:00 0 
7f3f80580000-7f3f80600000 rw-p 00000000 00:00 0 
7f3f80600000-7f3f80700000 rw-p 00000000 00:00 0 
7f3f80700000-7f3f80800000 rw-p 00000000 00:00 0 
7f3f80800000-7f3f80900000 rw-p 00000000 00:00 0 
7f3f80900000-7f3f80a00000 rw-p 00000000 00:00 0 
7f3f80a00000-7f3f80b80000 rw-p 00000000 00:00 0 
7f3f80b80000-7f3f80c00000 rw-p 00000000 00:00 0 
7f3f80c00000-7f3f80d00000 rw-p 00000000 00:00 0 
7f3f80d00000-7f3f80e00000 rw-p 00000000 00:00 0 
7f3f80e00000-7f3f813a0000 rw-p 00000000 00:00 0 
7f3f813a0000-7f3f813c0000 rw-p 00000000 00:00 0 
7f3f813c0000-7f3f81400000 rw-p 00000000 00:00 0 
7f3f81400000-7f3f81500000 rw-p 00000000 00:00 0 
7f3f81500000-7f3f81600000 rw-p 00000000 00:00 0 
7f3f81600000-7f3f81900000 rw-p 00000000 00:00 0 
7f3f81900000-7f3f81a00000 rw-p 00000000 00:00 0 
7f3f81a00000-7f3f81c00000 rw-p 00000000 00:00 0 
7f3f82ba9000-7f3f82e00000 rw-p 00000000 00:00 0 
7f3f82e00000-7f3f82e10000 r-xp 00000000 00:1516 355                      /home/runner/.cache/jdt-language-server/config/org.eclipse.equinox.launcher/org.eclipse.equinox.launcher.gtk.linux.x86_64_1.2.400.v20211117-0650/eclipse_11600.so
7f3f82e10000-7f3f8300f000 ---p 00010000 00:1516 355                      /home/runner/.cache/jdt-language-server/config/org.eclipse.equinox.launcher/org.eclipse.equinox.launcher.gtk.linux.x86_64_1.2.400.v20211117-0650/eclipse_11600.so
7f3f8300f000-7f3f83010000 r--p 0000f000 00:1516 355                      /home/runner/.cache/jdt-language-server/config/org.eclipse.equinox.launcher/org.eclipse.equinox.launcher.gtk.linux.x86_64_1.2.400.v20211117-0650/eclipse_11600.so
7f3f83010000-7f3f83011000 rw-p 00010000 00:1516 355                      /home/runner/.cache/jdt-language-server/config/org.eclipse.equinox.launcher/org.eclipse.equinox.launcher.gtk.linux.x86_64_1.2.400.v20211117-0650/eclipse_11600.so
7f3f831bf000-7f3f83300000 rw-p 00000000 00:00 0 
7f3f83300000-7f3f83400000 ---p 00000000 00:00 0 
7f3f83400000-7f3f839af000 r--p 01122000 00:1519 4611686019135190040      /nix/store/gpxl5qgg8kicmcvivwmybwjlpf7wh20l-graalvm17-ce-22.3.0/lib/libjvmcicompiler.so
7f3f839af000-7f3f83b00000 r--p 00000000 00:00 0 
7f3f83b00000-7f3f83b3d000 rw-p 00000000 00:00 0 
7f3f83b3d000-7f3f8405d000 rw-p 0185f000 00:1519 4611686019135190040      /nix/store/gpxl5qgg8kicmcvivwmybwjlpf7wh20l-graalvm17-ce-22.3.0/lib/libjvmcicompiler.so
7f3f8405d000-7f3f84444000 r--p 01d7f000 00:1519 4611686019135190040      /nix/store/gpxl5qgg8kicmcvivwmybwjlpf7wh20l-graalvm17-ce-22.3.0/lib/libjvmcicompiler.so
7f3f84500000-7f3f84504000 ---p 00000000 00:00 0 
7f3f84504000-7f3f84600000 rw-p 00000000 00:00 0 
7f3f84700000-7f3f84704000 ---p 00000000 00:00 0 
7f3f84704000-7f3f84800000 rw-p 00000000 00:00 0 
7f3f84900000-7f3f84904000 ---p 00000000 00:00 0 
7f3f84904000-7f3f84a00000 rw-p 00000000 00:00 0 
7f3f84b00000-7f3f84b04000 ---p 00000000 00:00 0 
7f3f84b04000-7f3f84c00000 rw-p 00000000 00:00 0 
7f3f84d00000-7f3f84d04000 ---p 00000000 00:00 0 
7f3f84d04000-7f3f84e00000 rw-p 00000000 00:00 0 
7f3f84f00000-7f3f84f04000 ---p 00000000 00:00 0 
7f3f84f04000-7f3f85000000 rw-p 00000000 00:00 0 
7f3f85100000-7f3f85104000 ---p 00000000 00:00 0 
7f3f85104000-7f3f85200000 rw-p 00000000 00:00 0 
7f3f85300000-7f3f85304000 ---p 00000000 00:00 0 
7f3f85304000-7f3f85400000 rw-p 00000000 00:00 0 
7f3f85500000-7f3f85504000 ---p 00000000 00:00 0 
7f3f85504000-7f3f85600000 rw-p 00000000 00:00 0 
7f3f85700000-7f3f85704000 ---p 00000000 00:00 0 
7f3f85704000-7f3f85800000 rw-p 00000000 00:00 0 
7f3f85900000-7f3f85904000 ---p 00000000 00:00 0 
7f3f85904000-7f3f85a00000 rw-p 00000000 00:00 0 
7f3f85b00000-7f3f85b04000 ---p 00000000 00:00 0 
7f3f85b04000-7f3f85c00000 rw-p 00000000 00:00 0 
7f3f85c00000-7f3f87d6a000 r-xp 00000000 00:1519 4611686019135190040      /nix/store/gpxl5qgg8kicmcvivwmybwjlpf7wh20l-graalvm17-ce-22.3.0/lib/libjvmcicompiler.so
7f3f87d6a000-7f3f87f69000 ---p 0216a000 00:1519 4611686019135190040      /nix/store/gpxl5qgg8kicmcvivwmybwjlpf7wh20l-graalvm17-ce-22.3.0/lib/libjvmcicompiler.so
7f3f87f69000-7f3f87f6a000 r--p 02169000 00:1519 4611686019135190040      /nix/store/gpxl5qgg8kicmcvivwmybwjlpf7wh20l-graalvm17-ce-22.3.0/lib/libjvmcicompiler.so
7f3f87f6a000-7f3f87f6c000 rw-p 0216a000 00:1519 4611686019135190040      /nix/store/gpxl5qgg8kicmcvivwmybwjlpf7wh20l-graalvm17-ce-22.3.0/lib/libjvmcicompiler.so
7f3f87f6c000-7f3f87f6d000 rw-p 00000000 00:00 0 
7f3f87f6d000-7f3f87f72000 rw-p 023c3000 00:1519 4611686019135190040      /nix/store/gpxl5qgg8kicmcvivwmybwjlpf7wh20l-graalvm17-ce-22.3.0/lib/libjvmcicompiler.so
7f3f88000000-7f3f88021000 rw-p 00000000 00:00 0 
7f3f88021000-7f3f8c000000 ---p 00000000 00:00 0 
7f3f8c000000-7f3f8c021000 rw-p 00000000 00:00 0 
7f3f8c021000-7f3f90000000 ---p 00000000 00:00 0 
7f3f90000000-7f3f90021000 rw-p 00000000 00:00 0 
7f3f90021000-7f3f94000000 ---p 00000000 00:00 0 
7f3f94000000-7f3f94021000 rw-p 00000000 00:00 0 
7f3f94021000-7f3f98000000 ---p 00000000 00:00 0 
7f3f98000000-7f3f980fe000 rw-p 00000000 00:00 0 
7f3f980fe000-7f3f9c000000 ---p 00000000 00:00 0 
7f3f9c000000-7f3f9cb52000 rw-p 00000000 00:00 0 
7f3f9cb52000-7f3fa0000000 ---p 00000000 00:00 0 
7f3fa0000000-7f3fa0021000 rw-p 00000000 00:00 0 
7f3fa0021000-7f3fa4000000 ---p 00000000 00:00 0 
7f3fa4000000-7f3fa4021000 rw-p 00000000 00:00 0 
7f3fa4021000-7f3fa8000000 ---p 00000000 00:00 0 
7f3fa8000000-7f3fa8021000 rw-p 00000000 00:00 0 
7f3fa8021000-7f3fac000000 ---p 00000000 00:00 0 
7f3fac000000-7f3fac021000 rw-p 00000000 00:00 0 
7f3fac021000-7f3fb0000000 ---p 00000000 00:00 0 
7f3fb0000000-7f3fb0036000 rw-p 00000000 00:00 0 
7f3fb0036000-7f3fb4000000 ---p 00000000 00:00 0 
7f3fb4000000-7f3fb4021000 rw-p 00000000 00:00 0 
7f3fb4021000-7f3fb8000000 ---p 00000000 00:00 0 
7f3fb8000000-7f3fb8065000 rw-p 00000000 00:00 0 
7f3fb8065000-7f3fbc000000 ---p 00000000 00:00 0 
7f3fbc000000-7f3fbc004000 ---p 00000000 00:00 0 
7f3fbc004000-7f3fbc100000 rw-p 00000000 00:00 0 
7f3fbc200000-7f3fbc204000 ---p 00000000 00:00 0 
7f3fbc204000-7f3fbc300000 rw-p 00000000 00:00 0 
7f3fbc400000-7f3fbc404000 ---p 00000000 00:00 0 
7f3fbc404000-7f3fbc500000 rw-p 00000000 00:00 0 
7f3fbc600000-7f3fbc604000 ---p 00000000 00:00 0 
7f3fbc604000-7f3fbc700000 rw-p 00000000 00:00 0 
7f3fbc800000-7f3fbc804000 ---p 00000000 00:00 0 
7f3fbc804000-7f3fbc900000 rw-p 00000000 00:00 0 
7f3fbca00000-7f3fbca04000 ---p 00000000 00:00 0 
7f3fbca04000-7f3fbcc00000 rw-p 00000000 00:00 0 
7f3fbcd00000-7f3fbcd04000 ---p 00000000 00:00 0 
7f3fbcd04000-7f3fbce00000 rw-p 00000000 00:00 0 
7f3fbcf00000-7f3fbcf04000 ---p 00000000 00:00 0 
7f3fbcf04000-7f3fbd000000 rw-p 00000000 00:00 0 
7f3fbd100000-7f3fbd104000 ---p 00000000 00:00 0 
7f3fbd104000-7f3fbd200000 rw-p 00000000 00:00 0 
7f3fbd300000-7f3fbd304000 ---p 00000000 00:00 0 
7f3fbd304000-7f3fbd400000 rw-p 00000000 00:00 0 
7f3fbd400000-7f3fbd4c0000 rw-p 00000000 00:00 0 
7f3fbd4c0000-7f3fbdc00000 ---p 00000000 00:00 0 
7f3fbdc18000-7f3fbdc1c000 ---p 00000000 00:00 0 
7f3fbdc1c000-7f3fbdd18000 rw-p 00000000 00:00 0 
7f3fbdd18000-7f3fbdd19000 ---p 00000000 00:00 0 
7f3fbdd19000-7f3fbde1a000 rw-p 00000000 00:00 0 
7f3fbde1a000-7f3fbde1e000 ---p 00000000 00:00 0 
7f3fbde1e000-7f3fbdf1a000 rw-p 00000000 00:00 0 
7f3fbdf1a000-7f3fbdf1e000 ---p 00000000 00:00 0 
7f3fbdf1e000-7f3fbe01a000 rw-p 00000000 00:00 0 
7f3fbe01a000-7f3fbe01e000 ---p 00000000 00:00 0 
7f3fbe01e000-7f3fbe11a000 rw-p 00000000 00:00 0 
7f3fbe11a000-7f3fbe11e000 ---p 00000000 00:00 0 
7f3fbe11e000-7f3fbe31a000 rw-p 00000000 00:00 0 
7f3fbe31a000-7f3fbe31e000 ---p 00000000 00:00 0 
7f3fbe31e000-7f3fbe51a000 rw-p 00000000 00:00 0 
7f3fbe51a000-7f3fbe51e000 ---p 00000000 00:00 0 
7f3fbe51e000-7f3fbe61a000 rw-p 00000000 00:00 0 
7f3fbe61a000-7f3fbe61e000 ---p 00000000 00:00 0 
7f3fbe61e000-7f3fbe71a000 rw-p 00000000 00:00 0 
7f3fbe71a000-7f3fbe71e000 ---p 00000000 00:00 0 
7f3fbe71e000-7f3fbe81a000 rw-p 00000000 00:00 0 
7f3fbe81a000-7f3fbeb00000 r--p 00000000 00:17a 28444448                  /usr/lib/locale/locale-archive
7f3fbeb00000-7f3fbeb04000 ---p 00000000 00:00 0 
7f3fbeb04000-7f3fbf000000 rw-p 00000000 00:00 0 
7f3fbf000000-7f3fbf300000 rw-p 00000000 00:00 0 
7f3fbf300000-7f3fbf400000 rw-p 00000000 00:00 0 
7f3fbf4b3000-7f3fbf723000 rwxp 00000000 00:00 0 
7f3fbf723000-7f3fbfa42000 ---p 00000000 00:00 0 
7f3fbfa42000-7f3fc0772000 rwxp 00000000 00:00 0 
7f3fc0772000-7f3fc6f7a000 ---p 00000000 00:00 0 
7f3fc6f7a000-7f3fc71ea000 rwxp 00000000 00:00 0 
7f3fc71ea000-7f3fce4b3000 ---p 00000000 00:00 0 
7f3fce4b3000-7f3fd8000000 r--s 00000000 00:1519 4611686019135192581      /nix/store/gpxl5qgg8kicmcvivwmybwjlpf7wh20l-graalvm17-ce-22.3.0/lib/modules
7f3fd8000000-7f3fd8642000 rw-p 00000000 00:00 0 
7f3fd8642000-7f3fdc000000 ---p 00000000 00:00 0 
7f3fdc05b000-7f3fdc05d000 r-xp 00000000 00:1519 4611686019135190017      /nix/store/gpxl5qgg8kicmcvivwmybwjlpf7wh20l-graalvm17-ce-22.3.0/lib/libextnet.so
7f3fdc05d000-7f3fdc05e000 r--p 00001000 00:1519 4611686019135190017      /nix/store/gpxl5qgg8kicmcvivwmybwjlpf7wh20l-graalvm17-ce-22.3.0/lib/libextnet.so
7f3fdc05e000-7f3fdc05f000 rw-p 00002000 00:1519 4611686019135190017      /nix/store/gpxl5qgg8kicmcvivwmybwjlpf7wh20l-graalvm17-ce-22.3.0/lib/libextnet.so
7f3fdc05f000-7f3fdc060000 rw-p 00004000 00:1519 4611686019135190017      /nix/store/gpxl5qgg8kicmcvivwmybwjlpf7wh20l-graalvm17-ce-22.3.0/lib/libextnet.so
7f3fdc060000-7f3fdc064000 ---p 00000000 00:00 0 
7f3fdc064000-7f3fdc082000 rw-p 00000000 00:00 0 
7f3fdc082000-7f3fdc089000 r-xp 00000000 00:1519 4611686019135192580      /nix/store/gpxl5qgg8kicmcvivwmybwjlpf7wh20l-graalvm17-ce-22.3.0/lib/libzip.so
7f3fdc089000-7f3fdc08a000 ---p 00007000 00:1519 4611686019135192580      /nix/store/gpxl5qgg8kicmcvivwmybwjlpf7wh20l-graalvm17-ce-22.3.0/lib/libzip.so
7f3fdc08a000-7f3fdc08b000 r--p 00007000 00:1519 4611686019135192580      /nix/store/gpxl5qgg8kicmcvivwmybwjlpf7wh20l-graalvm17-ce-22.3.0/lib/libzip.so
7f3fdc08b000-7f3fdc08c000 rw-p 00008000 00:1519 4611686019135192580      /nix/store/gpxl5qgg8kicmcvivwmybwjlpf7wh20l-graalvm17-ce-22.3.0/lib/libzip.so
7f3fdc08c000-7f3fdc08e000 rw-p 0000b000 00:1519 4611686019135192580      /nix/store/gpxl5qgg8kicmcvivwmybwjlpf7wh20l-graalvm17-ce-22.3.0/lib/libzip.so
7f3fdc08e000-7f3fdc0a3000 r-xp 00000000 00:1519 4611686019135192570      /nix/store/gpxl5qgg8kicmcvivwmybwjlpf7wh20l-graalvm17-ce-22.3.0/lib/libnet.so
7f3fdc0a3000-7f3fdc0a4000 ---p 00015000 00:1519 4611686019135192570      /nix/store/gpxl5qgg8kicmcvivwmybwjlpf7wh20l-graalvm17-ce-22.3.0/lib/libnet.so
7f3fdc0a4000-7f3fdc0a5000 r--p 00015000 00:1519 4611686019135192570      /nix/store/gpxl5qgg8kicmcvivwmybwjlpf7wh20l-graalvm17-ce-22.3.0/lib/libnet.so
7f3fdc0a5000-7f3fdc0a6000 rw-p 00016000 00:1519 4611686019135192570      /nix/store/gpxl5qgg8kicmcvivwmybwjlpf7wh20l-graalvm17-ce-22.3.0/lib/libnet.so
7f3fdc0a6000-7f3fdc0a9000 rw-p 0001b000 00:1519 4611686019135192570      /nix/store/gpxl5qgg8kicmcvivwmybwjlpf7wh20l-graalvm17-ce-22.3.0/lib/libnet.so
7f3fdc0a9000-7f3fdc0bc000 r-xp 00000000 00:1519 4611686019135192571      /nix/store/gpxl5qgg8kicmcvivwmybwjlpf7wh20l-graalvm17-ce-22.3.0/lib/libnio.so
7f3fdc0bc000-7f3fdc0bd000 r--p 00012000 00:1519 4611686019135192571      /nix/store/gpxl5qgg8kicmcvivwmybwjlpf7wh20l-graalvm17-ce-22.3.0/lib/libnio.so
7f3fdc0bd000-7f3fdc0be000 rw-p 00013000 00:1519 4611686019135192571      /nix/store/gpxl5qgg8kicmcvivwmybwjlpf7wh20l-graalvm17-ce-22.3.0/lib/libnio.so
7f3fdc0be000-7f3fdc0c3000 rw-p 00019000 00:1519 4611686019135192571      /nix/store/gpxl5qgg8kicmcvivwmybwjlpf7wh20l-graalvm17-ce-22.3.0/lib/libnio.so
7f3fdc0c3000-7f3fdc0c7000 ---p 00000000 00:00 0 
7f3fdc0c7000-7f3fdc1c3000 rw-p 00000000 00:00 0 
7f3fdc1c3000-7f3fdc1c4000 ---p 00000000 00:00 0 
7f3fdc1c4000-7f3fdc2c5000 rw-p 00000000 00:00 0 
7f3fdc2c5000-7f3fdc393000 r-xp 00000000 00:1519 4611686019135190036      /nix/store/gpxl5qgg8kicmcvivwmybwjlpf7wh20l-graalvm17-ce-22.3.0/lib/libjsvml.so
7f3fdc393000-7f3fdc394000 r--p 000cd000 00:1519 4611686019135190036      /nix/store/gpxl5qgg8kicmcvivwmybwjlpf7wh20l-graalvm17-ce-22.3.0/lib/libjsvml.so
7f3fdc394000-7f3fdc395000 rw-p 000ce000 00:1519 4611686019135190036      /nix/store/gpxl5qgg8kicmcvivwmybwjlpf7wh20l-graalvm17-ce-22.3.0/lib/libjsvml.so
7f3fdc395000-7f3fddc6d000 rw-p 00000000 00:00 0 
7f3fddc6d000-7f3fddc6e000 ---p 00000000 00:00 0 
7f3fddc6e000-7f3fdde19000 rw-p 00000000 00:00 0 
7f3fdde19000-7f3fdde3a000 rw-p 00000000 00:00 0 
7f3fdde3a000-7f3fdde6f000 ---p 00000000 00:00 0 
7f3fdde6f000-7f3fdde75000 rw-p 00000000 00:00 0 
7f3fdde75000-7f3fddf5b000 ---p 00000000 00:00 0 
7f3fddf5b000-7f3fddf76000 rw-p 00000000 00:00 0 
7f3fddf76000-7f3fde046000 ---p 00000000 00:00 0 
7f3fde046000-7f3fde04b000 rw-p 00000000 00:00 0 
7f3fde04b000-7f3fde052000 ---p 00000000 00:00 0 
7f3fde052000-7f3fde076000 r-xp 00000000 00:1519 4611686019135190028      /nix/store/gpxl5qgg8kicmcvivwmybwjlpf7wh20l-graalvm17-ce-22.3.0/lib/libjava.so
7f3fde076000-7f3fde077000 ---p 00024000 00:1519 4611686019135190028      /nix/store/gpxl5qgg8kicmcvivwmybwjlpf7wh20l-graalvm17-ce-22.3.0/lib/libjava.so
7f3fde077000-7f3fde078000 r--p 00024000 00:1519 4611686019135190028      /nix/store/gpxl5qgg8kicmcvivwmybwjlpf7wh20l-graalvm17-ce-22.3.0/lib/libjava.so
7f3fde078000-7f3fde079000 rw-p 00025000 00:1519 4611686019135190028      /nix/store/gpxl5qgg8kicmcvivwmybwjlpf7wh20l-graalvm17-ce-22.3.0/lib/libjava.so
7f3fde079000-7f3fde07a000 rw-p 00000000 00:00 0 
7f3fde07a000-7f3fde081000 rw-p 0002f000 00:1519 4611686019135190028      /nix/store/gpxl5qgg8kicmcvivwmybwjlpf7wh20l-graalvm17-ce-22.3.0/lib/libjava.so
7f3fde081000-7f3fde089000 rw-s 00000000 00:752 350                       /tmp/hsperfdata_runner/31
7f3fde089000-7f3fde08a000 ---p 00000000 00:00 0 
7f3fde08a000-7f3fde08b000 r--p 00000000 00:00 0 
7f3fde08b000-7f3fde08c000 rwxp 00000000 00:00 0 
7f3fde08c000-7f3fde0a7000 r-xp 00000000 00:1519 4611686019135190032      /nix/store/gpxl5qgg8kicmcvivwmybwjlpf7wh20l-graalvm17-ce-22.3.0/lib/libjimage.so
7f3fde0a7000-7f3fde0a8000 ---p 0001b000 00:1519 4611686019135190032      /nix/store/gpxl5qgg8kicmcvivwmybwjlpf7wh20l-graalvm17-ce-22.3.0/lib/libjimage.so
7f3fde0a8000-7f3fde0aa000 r--p 0001b000 00:1519 4611686019135190032      /nix/store/gpxl5qgg8kicmcvivwmybwjlpf7wh20l-graalvm17-ce-22.3.0/lib/libjimage.so
7f3fde0aa000-7f3fde0ab000 rw-p 0001d000 00:1519 4611686019135190032      /nix/store/gpxl5qgg8kicmcvivwmybwjlpf7wh20l-graalvm17-ce-22.3.0/lib/libjimage.so
7f3fde0ab000-7f3fde0ac000 rw-p 00024000 00:1519 4611686019135190032      /nix/store/gpxl5qgg8kicmcvivwmybwjlpf7wh20l-graalvm17-ce-22.3.0/lib/libjimage.so
7f3fde0ac000-7f3fde0b0000 ---p 00000000 00:00 0 
7f3fde0b0000-7f3fde1ac000 rw-p 00000000 00:00 0 
7f3fde1ac000-7f3fde1ba000 r--p 00000000 00:1519 4611686019027979927      /nix/store/4nlgxhb09sdr51nc9hdm8az5b08vzkgx-glibc-2.35-163/lib/libm.so.6
7f3fde1ba000-7f3fde22d000 r-xp 0000e000 00:1519 4611686019027979927      /nix/store/4nlgxhb09sdr51nc9hdm8az5b08vzkgx-glibc-2.35-163/lib/libm.so.6
7f3fde22d000-7f3fde28a000 r--p 00081000 00:1519 4611686019027979927      /nix/store/4nlgxhb09sdr51nc9hdm8az5b08vzkgx-glibc-2.35-163/lib/libm.so.6
7f3fde28a000-7f3fde28b000 r--p 000dd000 00:1519 4611686019027979927      /nix/store/4nlgxhb09sdr51nc9hdm8az5b08vzkgx-glibc-2.35-163/lib/libm.so.6
7f3fde28b000-7f3fde28c000 rw-p 000de000 00:1519 4611686019027979927      /nix/store/4nlgxhb09sdr51nc9hdm8az5b08vzkgx-glibc-2.35-163/lib/libm.so.6
7f3fde28c000-7f3fde28d000 r--p 00000000 00:1519 4611686019027979946      /nix/store/4nlgxhb09sdr51nc9hdm8az5b08vzkgx-glibc-2.35-163/lib/librt.so.1
7f3fde28d000-7f3fde28e000 r-xp 00001000 00:1519 4611686019027979946      /nix/store/4nlgxhb09sdr51nc9hdm8az5b08vzkgx-glibc-2.35-163/lib/librt.so.1
7f3fde28e000-7f3fde28f000 r--p 00002000 00:1519 4611686019027979946      /nix/store/4nlgxhb09sdr51nc9hdm8az5b08vzkgx-glibc-2.35-163/lib/librt.so.1
7f3fde28f000-7f3fde290000 r--p 00002000 00:1519 4611686019027979946      /nix/store/4nlgxhb09sdr51nc9hdm8az5b08vzkgx-glibc-2.35-163/lib/librt.so.1
7f3fde290000-7f3fde291000 rw-p 00003000 00:1519 4611686019027979946      /nix/store/4nlgxhb09sdr51nc9hdm8az5b08vzkgx-glibc-2.35-163/lib/librt.so.1
7f3fde291000-7f3fdf3a4000 r-xp 00000000 00:1519 4611686019135360866      /nix/store/gpxl5qgg8kicmcvivwmybwjlpf7wh20l-graalvm17-ce-22.3.0/lib/server/libjvm.so
7f3fdf3a4000-7f3fdf3a5000 ---p 01113000 00:1519 4611686019135360866      /nix/store/gpxl5qgg8kicmcvivwmybwjlpf7wh20l-graalvm17-ce-22.3.0/lib/server/libjvm.so
7f3fdf3a5000-7f3fdf45a000 r--p 01113000 00:1519 4611686019135360866      /nix/store/gpxl5qgg8kicmcvivwmybwjlpf7wh20l-graalvm17-ce-22.3.0/lib/server/libjvm.so
7f3fdf45a000-7f3fdf48e000 rw-p 011c8000 00:1519 4611686019135360866      /nix/store/gpxl5qgg8kicmcvivwmybwjlpf7wh20l-graalvm17-ce-22.3.0/lib/server/libjvm.so
7f3fdf48e000-7f3fdf4ea000 rw-p 00000000 00:00 0 
7f3fdf4ea000-7f3fdf512000 r--p 00000000 00:1519 4611686019027979918      /nix/store/4nlgxhb09sdr51nc9hdm8az5b08vzkgx-glibc-2.35-163/lib/libc.so.6
7f3fdf512000-7f3fdf688000 r-xp 00028000 00:1519 4611686019027979918      /nix/store/4nlgxhb09sdr51nc9hdm8az5b08vzkgx-glibc-2.35-163/lib/libc.so.6
7f3fdf688000-7f3fdf6e0000 r--p 0019e000 00:1519 4611686019027979918      /nix/store/4nlgxhb09sdr51nc9hdm8az5b08vzkgx-glibc-2.35-163/lib/libc.so.6
7f3fdf6e0000-7f3fdf6e4000 r--p 001f6000 00:1519 4611686019027979918      /nix/store/4nlgxhb09sdr51nc9hdm8az5b08vzkgx-glibc-2.35-163/lib/libc.so.6
7f3fdf6e4000-7f3fdf6e6000 rw-p 001fa000 00:1519 4611686019027979918      /nix/store/4nlgxhb09sdr51nc9hdm8az5b08vzkgx-glibc-2.35-163/lib/libc.so.6
7f3fdf6e6000-7f3fdf6f5000 rw-p 00000000 00:00 0 
7f3fdf6f5000-7f3fdf6f6000 r--p 00000000 00:1519 4611686019027979923      /nix/store/4nlgxhb09sdr51nc9hdm8az5b08vzkgx-glibc-2.35-163/lib/libdl.so.2
7f3fdf6f6000-7f3fdf6f7000 r-xp 00001000 00:1519 4611686019027979923      /nix/store/4nlgxhb09sdr51nc9hdm8az5b08vzkgx-glibc-2.35-163/lib/libdl.so.2
7f3fdf6f7000-7f3fdf6f8000 r--p 00002000 00:1519 4611686019027979923      /nix/store/4nlgxhb09sdr51nc9hdm8az5b08vzkgx-glibc-2.35-163/lib/libdl.so.2
7f3fdf6f8000-7f3fdf6f9000 r--p 00002000 00:1519 4611686019027979923      /nix/store/4nlgxhb09sdr51nc9hdm8az5b08vzkgx-glibc-2.35-163/lib/libdl.so.2
7f3fdf6f9000-7f3fdf6fa000 rw-p 00003000 00:1519 4611686019027979923      /nix/store/4nlgxhb09sdr51nc9hdm8az5b08vzkgx-glibc-2.35-163/lib/libdl.so.2
7f3fdf6fa000-7f3fdf6fb000 r--p 00000000 00:1519 4611686019027979942      /nix/store/4nlgxhb09sdr51nc9hdm8az5b08vzkgx-glibc-2.35-163/lib/libpthread.so.0
7f3fdf6fb000-7f3fdf6fc000 r-xp 00001000 00:1519 4611686019027979942      /nix/store/4nlgxhb09sdr51nc9hdm8az5b08vzkgx-glibc-2.35-163/lib/libpthread.so.0
7f3fdf6fc000-7f3fdf6fd000 r--p 00002000 00:1519 4611686019027979942      /nix/store/4nlgxhb09sdr51nc9hdm8az5b08vzkgx-glibc-2.35-163/lib/libpthread.so.0
7f3fdf6fd000-7f3fdf6fe000 r--p 00002000 00:1519 4611686019027979942      /nix/store/4nlgxhb09sdr51nc9hdm8az5b08vzkgx-glibc-2.35-163/lib/libpthread.so.0
7f3fdf6fe000-7f3fdf6ff000 rw-p 00003000 00:1519 4611686019027979942      /nix/store/4nlgxhb09sdr51nc9hdm8az5b08vzkgx-glibc-2.35-163/lib/libpthread.so.0
7f3fdf6ff000-7f3fdf70d000 r-xp 00000000 00:1519 4611686019135190033      /nix/store/gpxl5qgg8kicmcvivwmybwjlpf7wh20l-graalvm17-ce-22.3.0/lib/libjli.so
7f3fdf70d000-7f3fdf70e000 ---p 0000e000 00:1519 4611686019135190033      /nix/store/gpxl5qgg8kicmcvivwmybwjlpf7wh20l-graalvm17-ce-22.3.0/lib/libjli.so
7f3fdf70e000-7f3fdf70f000 r--p 0000e000 00:1519 4611686019135190033      /nix/store/gpxl5qgg8kicmcvivwmybwjlpf7wh20l-graalvm17-ce-22.3.0/lib/libjli.so
7f3fdf70f000-7f3fdf710000 rw-p 0000f000 00:1519 4611686019135190033      /nix/store/gpxl5qgg8kicmcvivwmybwjlpf7wh20l-graalvm17-ce-22.3.0/lib/libjli.so
7f3fdf710000-7f3fdf711000 rw-p 00012000 00:1519 4611686019135190033      /nix/store/gpxl5qgg8kicmcvivwmybwjlpf7wh20l-graalvm17-ce-22.3.0/lib/libjli.so
7f3fdf711000-7f3fdf714000 r--p 00000000 00:1519 4611686019106210071      /nix/store/026hln0aq1hyshaxsdvhg0kmcm6yf45r-zlib-1.2.13/lib/libz.so.1.2.13
7f3fdf714000-7f3fdf726000 r-xp 00003000 00:1519 4611686019106210071      /nix/store/026hln0aq1hyshaxsdvhg0kmcm6yf45r-zlib-1.2.13/lib/libz.so.1.2.13
7f3fdf726000-7f3fdf72d000 r--p 00015000 00:1519 4611686019106210071      /nix/store/026hln0aq1hyshaxsdvhg0kmcm6yf45r-zlib-1.2.13/lib/libz.so.1.2.13
7f3fdf72d000-7f3fdf72e000 r--p 0001b000 00:1519 4611686019106210071      /nix/store/026hln0aq1hyshaxsdvhg0kmcm6yf45r-zlib-1.2.13/lib/libz.so.1.2.13
7f3fdf72e000-7f3fdf72f000 rw-p 0001c000 00:1519 4611686019106210071      /nix/store/026hln0aq1hyshaxsdvhg0kmcm6yf45r-zlib-1.2.13/lib/libz.so.1.2.13
7f3fdf72f000-7f3fdf731000 rw-p 00000000 00:00 0 
7f3fdf731000-7f3fdf733000 r--p 00000000 00:1519 4611686019027979912      /nix/store/4nlgxhb09sdr51nc9hdm8az5b08vzkgx-glibc-2.35-163/lib/ld-linux-x86-64.so.2
7f3fdf733000-7f3fdf75a000 r-xp 00002000 00:1519 4611686019027979912      /nix/store/4nlgxhb09sdr51nc9hdm8az5b08vzkgx-glibc-2.35-163/lib/ld-linux-x86-64.so.2
7f3fdf75a000-7f3fdf766000 r--p 00029000 00:1519 4611686019027979912      /nix/store/4nlgxhb09sdr51nc9hdm8az5b08vzkgx-glibc-2.35-163/lib/ld-linux-x86-64.so.2
7f3fdf766000-7f3fdf768000 r--p 00034000 00:1519 4611686019027979912      /nix/store/4nlgxhb09sdr51nc9hdm8az5b08vzkgx-glibc-2.35-163/lib/ld-linux-x86-64.so.2
7f3fdf768000-7f3fdf76a000 rw-p 00036000 00:1519 4611686019027979912      /nix/store/4nlgxhb09sdr51nc9hdm8az5b08vzkgx-glibc-2.35-163/lib/ld-linux-x86-64.so.2
7ffd06ebd000-7ffd06ee1000 rw-p 00000000 00:00 0                          [stack]
7ffd06f78000-7ffd06f7c000 r--p 00000000 00:00 0                          [vvar]
7ffd06f7c000-7ffd06f7e000 r-xp 00000000 00:00 0                          [vdso]
ffffffffff600000-ffffffffff601000 --xp 00000000 00:00 0                  [vsyscall]


VM Arguments:
jvm_args: -XX:ThreadPriorityPolicy=1 -XX:+UnlockExperimentalVMOptions -XX:+EnableJVMCIProduct -XX:JVMCIThreadsPerNativeLibraryRuntime=1 -XX:-UnlockExperimentalVMOptions -Declipse.application=org.eclipse.jdt.ls.core.id1 -Dosgi.bundles.defaultStartLevel=4 -Declipse.product=org.eclipse.jdt.ls.core.product -Dlog.level=ALL -Xverify:none -XX:+UseParallelGC -XX:GCTimeRatio=4 -XX:AdaptiveSizePolicyWeight=90 -Dsun.zip.disableMemoryMapping=true -Xmx512m -Xms100m 
java_command: /nix/store/m6gcpi1ii6rghy04cjwjddcavv7i90df-jdt-language-server-1.9.0/share/java/plugins/org.eclipse.equinox.launcher_1.6.400.v20210924-0641.jar --add-modules=ALL-SYSTEM --add-opens java.base/java.util=ALL-UNNAMED --add-opens java.base/java.lang=ALL-UNNAMED -configuration /home/runner/.cache/jdt-language-server/config -data /home/runner/.cache/jdt-language-server/data/home/runner/TUGAS-KELOMPOK-KRIPTOGRAFI
java_class_path (initial): /nix/store/m6gcpi1ii6rghy04cjwjddcavv7i90df-jdt-language-server-1.9.0/share/java/plugins/org.eclipse.equinox.launcher_1.6.400.v20210924-0641.jar
Launcher Type: SUN_STANDARD

[Global flags]
    uintx AdaptiveSizePolicyWeight                 = 90                                        {product} {command line}
     intx CICompilerCount                          = 2                                         {product} {ergonomic}
     bool EnableJVMCIProduct                       = true                                {JVMCI product} {jimage}
    uintx GCTimeRatio                              = 4                                         {product} {command line}
   size_t InitialHeapSize                          = 104857600                                 {product} {command line}
     uint JVMCIThreadsPerNativeLibraryRuntime      = 1                                   {JVMCI product} {jimage}
   size_t MaxHeapSize                              = 536870912                                 {product} {command line}
   size_t MaxNewSize                               = 178782208                                 {product} {ergonomic}
   size_t MinHeapDeltaBytes                        = 524288                                    {product} {ergonomic}
   size_t MinHeapSize                              = 104857600                                 {product} {command line}
   size_t NewSize                                  = 34603008                                  {product} {ergonomic}
    uintx NonNMethodCodeHeapSize                   = 5826188                                {pd product} {ergonomic}
    uintx NonProfiledCodeHeapSize                  = 122916026                              {pd product} {ergonomic}
   size_t OldSize                                  = 70254592                                  {product} {ergonomic}
    uintx ProfiledCodeHeapSize                     = 122916026                              {pd product} {ergonomic}
    uintx ReservedCodeCacheSize                    = 251658240                              {pd product} {ergonomic}
     bool SegmentedCodeCache                       = true                                      {product} {ergonomic}
   size_t SoftMaxHeapSize                          = 536870912                              {manageable} {ergonomic}
     intx ThreadPriorityPolicy                     = 1                                         {product} {jimage}
     bool UseCompressedClassPointers               = true                           {product lp64_product} {ergonomic}
     bool UseCompressedOops                        = true                           {product lp64_product} {ergonomic}
     bool UseParallelGC                            = true                                      {product} {command line}

Logging:
Log output configuration:
 #0: stdout all=warning uptime,level,tags
 #1: stderr all=off uptime,level,tags

Environment Variables:
JAVA_HOME=/nix/store/gpxl5qgg8kicmcvivwmybwjlpf7wh20l-graalvm17-ce-22.3.0
PATH=/nix/store/1d6ian3r8kdzspw8hacjhl3xkp40g1lj-binutils-wrapper-2.39/bin:/nix/store/dq0xwmsk1g0i2ayg6pb7y87na2knzylh-gcc-wrapper-11.3.0/bin:/nix/store/bap4d0lpcrhpwmpb8ayjcgkmvfj62lnq-bash-interactive-5.1-p16/bin:/nix/store/pr5n59mb4jzmfx6kanwxly0l07p861fg-patchelf-0.15.0/bin:/nix/store/1gf2flfqnpqbr1b4p4qz2f72y42bs56r-gcc-11.3.0/bin:/nix/store/57xv61c5zi8pphjbcwxxjlgc34p61ic9-glibc-2.35-163-bin/bin:/nix/store/a7gvj343m05j2s32xcnwr35v31ynlypr-coreutils-9.1/bin:/nix/store/039g378vc3pc3dvi9dzdlrd0i4q93qwf-binutils-2.39/bin:/nix/store/gpxl5qgg8kicmcvivwmybwjlpf7wh20l-graalvm17-ce-22.3.0/bin:/nix/store/6z9ag3ihc8mq2hzsw48lhbznvzny65nz-apache-maven-3.8.6/bin:/nix/store/m6gcpi1ii6rghy04cjwjddcavv7i90df-jdt-language-server-1.9.0/bin:/nix/store/84xs5alhs01zrbr4ywm05kxbjbp5590l-java-debug/bin:/nix/store/mydc6f4k2z73xlcz7ilif3v2lcaiqvza-findutils-4.9.0/bin:/nix/store/j9p3g8472iijd50vhdprx0nmk2fqn5gv-diffutils-3.8/bin:/nix/store/89zs7rms6x00xfq4dq6m7mjnhkr8a6r4-gnused-4.8/bin:/nix/store/86bp03jkmsl6f92w0yzg4s59g5mhxwmy-gnugrep-3.7/bin:/nix/store/hwcdqw4jrjnd37wxqgsd47hd0j8bnj09-gawk-5.1.1/bin:/nix/store/cfbhw8r8ags41vwqaz47r583d0p4h4a1-gnutar-1.34/bin:/nix/store/p3m1ndl1lapwrlh698bnb5lvvxh67378-gzip-1.12/bin:/nix/store/a8mhcagrsly7c7mpjrpsnaahk4aax056-bzip2-1.0.8-bin/bin:/nix/store/mblgz65m3zv9x548a3d5m96fj2pbwr09-gnumake-4.3/bin:/nix/store/dsd5gz46hdbdk2rfdimqddhq6m8m8fqs-bash-5.1-p16/bin:/nix/store/v7ljksji50mg3w61dykaa3n3y79n6nil-patch-2.7.6/bin:/nix/store/zlcnmqq14jz5x9439jf937mvayyl63da-xz-5.2.7-bin/bin:/nix/store/y6aj732zm9m87c82fpvf103a1xb22blp-file-5.43/bin:/nix/store/sgqd0ajghcv2axfl1lad0b1alyavp0dc-prybar-elisp-0.0.0-67f7a00/bin:/nix/store/p3hsvljpgs68jqwar41lc0jqhjj734lf-prybar-lua-0.0.0-67f7a00/bin:/nix/store/qzxs2gybds3s9kb1vkaflpgm2nwr85fh-prybar-python3-0.0.0-67f7a00/bin:/nix/store/km94z9mxp8w4m8gxxp5mbfpdf3nkfvd8-prybar-sqlite-0.0.0-67f7a00/bin:/nix/store/2pnc7b76asw0z59c4l6h6qy8arwqrii1-prybar-tcl-0.0.0-67f7a00/bin:/nix/store/hpbvrlwd5viqmvcaisb3x0118i913a9n-st
LD_LIBRARY_PATH=/nix/store/a4pff549sk2idnkpzk5nsfps3mdkdnvm-cups-2.4.2-lib/lib:/nix/store/72mqxxhh3cy5yifh92wh2yb8cl2hikyy-cairo-1.16.0/lib:/nix/store/2k366jrbsra97gjfxwvrhvixjfxdach5-glib-2.74.1/lib:/nix/store/2j2znigd8ak37rlwh9khz0ry3clqlw1l-gtk+3-3.24.34/lib:/nix/store/hisqvx32cd57apbpcsnkpx6k3549wql1-libglvnd-1.4.0/lib:/nix/store/p36pgcv991mq5srvg765b78yqpxvk3qs-mesa-21.3.3-drivers/lib:/nix/store/mav4251if1ahjq5vkpwycyyvnmy459c4-pulseaudio-14.2/lib
DISPLAY=:0
LANG=en_US.UTF-8

Signal Handlers:
   SIGSEGV: crash_handler in libjvm.so, mask=11100100010111111101111111111110, flags=SA_RESTART|SA_SIGINFO
    SIGBUS: crash_handler in libjvm.so, mask=11100100010111111101111111111110, flags=SA_RESTART|SA_SIGINFO
    SIGFPE: crash_handler in libjvm.so, mask=11100100010111111101111111111110, flags=SA_RESTART|SA_SIGINFO
   SIGPIPE: IsolateEnterStub_IgnoreSIGPIPEStartupHook_noopSignalHandler_8f19bff2f35b5f630d83b364d6b2339320d4ec70_216e8361c6bc87a8f89f58cc10d3b2fd4415bf87 in libjvmcicompiler.so, mask=00000000000000000000000000000000, flags=SA_RESTART
  *** Handler was modified!
  *** Expected: javaSignalHandler in libjvm.so, mask=11100100110111111111111111111110, flags=SA_RESTART|SA_SIGINFO
   SIGXFSZ: javaSignalHandler in libjvm.so, mask=11100100010111111101111111111110, flags=SA_RESTART|SA_SIGINFO
    SIGILL: crash_handler in libjvm.so, mask=11100100010111111101111111111110, flags=SA_RESTART|SA_SIGINFO
   SIGUSR2: SR_handler in libjvm.so, mask=00000000000000000000000000000000, flags=SA_RESTART|SA_SIGINFO
    SIGHUP: UserHandler in libjvm.so, mask=11100100010111111101111111111110, flags=SA_RESTART|SA_SIGINFO
    SIGINT: UserHandler in libjvm.so, mask=11100100010111111101111111111110, flags=SA_RESTART|SA_SIGINFO
   SIGTERM: UserHandler in libjvm.so, mask=11100100010111111101111111111110, flags=SA_RESTART|SA_SIGINFO
   SIGQUIT: UserHandler in libjvm.so, mask=11100100010111111101111111111110, flags=SA_RESTART|SA_SIGINFO
  *** Handler was modified!
  *** Expected: javaSignalHandler in libjvm.so, mask=11100100110111111111111111111110, flags=SA_RESTART|SA_SIGINFO
   SIGTRAP: crash_handler in libjvm.so, mask=11100100010111111101111111111110, flags=SA_RESTART|SA_SIGINFO


---------------  S Y S T E M  ---------------

OS:
DISTRIB_ID=Ubuntu
DISTRIB_RELEASE=20.04
DISTRIB_CODENAME=focal
DISTRIB_DESCRIPTION="Ubuntu 20.04.2 LTS"
uname: Linux 5.15.0-1029-gcp #36~20.04.1-Ubuntu SMP Tue Jan 24 16:54:15 UTC 2023 x86_64
OS uptime: 0 days 14:37 hours
libc: glibc 2.35 NPTL 2.35 
rlimit (soft/hard): STACK 8192k/infinity , CORE infinity/infinity , NPROC infinity/infinity , NOFILE 5242/5242 , AS infinity/infinity , CPU infinity/infinity , DATA infinity/infinity , FSIZE infinity/infinity , MEMLOCK 64k/64k
load average: 13.59 14.13 13.27

/proc/meminfo:
MemTotal:       65852724 kB
MemFree:        21088804 kB
MemAvailable:   44273972 kB
Buffers:         3036240 kB
Cached:         18054948 kB
SwapCached:            0 kB
Active:         11097084 kB
Inactive:       28014340 kB
Active(anon):      14972 kB
Inactive(anon): 17628880 kB
Active(file):   11082112 kB
Inactive(file): 10385460 kB
Unevictable:       44884 kB
Mlocked:           44884 kB
SwapTotal:             0 kB
SwapFree:              0 kB
Dirty:              2260 kB
Writeback:             0 kB
AnonPages:      16594032 kB
Mapped:          1916088 kB
Shmem:             44848 kB
KReclaimable:    2444196 kB
Slab:            4659476 kB
SReclaimable:    2444196 kB
SUnreclaim:      2215280 kB
KernelStack:      398880 kB
PageTables:       170204 kB
NFS_Unstable:          0 kB
Bounce:                0 kB
WritebackTmp:          0 kB
CommitLimit:    32926360 kB
Committed_AS:   69421528 kB
VmallocTotal:   34359738367 kB
VmallocUsed:      446500 kB
VmallocChunk:          0 kB
Percpu:            79424 kB
HardwareCorrupted:     0 kB
AnonHugePages:   2387968 kB
ShmemHugePages:        0 kB
ShmemPmdMapped:        0 kB
FileHugePages:         0 kB
FilePmdMapped:         0 kB
HugePages_Total:       0
HugePages_Free:        0
HugePages_Rsvd:        0
HugePages_Surp:        0
Hugepagesize:       2048 kB
Hugetlb:               0 kB
DirectMap4k:     5839680 kB
DirectMap2M:    48683008 kB
DirectMap1G:    14680064 kB

/sys/kernel/mm/transparent_hugepage/enabled: always [madvise] never
/sys/kernel/mm/transparent_hugepage/defrag (defrag/compaction efforts parameter): always defer defer+madvise [madvise] never

Process Memory:
Virtual Size: 4789336K (peak: 4873020K)
Resident Set Size: 748716K (peak: 784708K) (anon: 555616K, file: 193100K, shmem: 0K)
Swapped out: 0K
C-Heap outstanding allocations: 40561K, retained: 14146K
glibc malloc tunables: (default)

/proc/sys/kernel/threads-max (system-wide limit on the number of threads): 514406
/proc/sys/vm/max_map_count (maximum number of memory map areas a process may have): 65530
/proc/sys/kernel/pid_max (system-wide limit on number of process identifiers): 4194304

container (cgroup) information:
container_type: cgroupv1
cpu_cpuset_cpus: 2-7
cpu_memory_nodes: 0
active_processor_count: 1
cpu_quota: 50000
cpu_period: 100000
cpu_shares: 512
memory_limit_in_bytes: 1048576 k
memory_and_swap_limit_in_bytes: 1048576 k
memory_soft_limit_in_bytes: 524288 k
memory_usage_in_bytes: 606452 k
memory_max_usage_in_bytes: 692188 k
maximum number of tasks: 1000
current number of tasks: 68

KVM virtualization detected
Steal ticks since vm start: 0
Steal ticks percentage since vm start:  0.000

CPU: total 8 (initial active 1) (8 cores per cpu, 2 threads per core) family 23 model 49 stepping 0 microcode 0xffffffff, cx8, cmov, fxsr, ht, mmx, 3dnowpref, sse, sse2, sse3, ssse3, sse4a, sse4.1, sse4.2, popcnt, lzcnt, tsc, tscinvbit, avx, avx2, aes, clmul, bmi1, bmi2, adx, sha, fma, vzeroupper, clflush, clflushopt, hv
CPU Model and flags from /proc/cpuinfo:
model name	: AMD EPYC 7B12
flags		: fpu vme de pse tsc msr pae mce cx8 apic sep mtrr pge mca cmov pat pse36 clflush mmx fxsr sse sse2 ht syscall nx mmxext fxsr_opt pdpe1gb rdtscp lm constant_tsc rep_good nopl nonstop_tsc cpuid extd_apicid tsc_known_freq pni pclmulqdq ssse3 fma cx16 sse4_1 sse4_2 movbe popcnt aes xsave avx f16c rdrand hypervisor lahf_lm cmp_legacy cr8_legacy abm sse4a misalignsse 3dnowprefetch osvw topoext ssbd ibrs ibpb stibp vmmcall fsgsbase tsc_adjust bmi1 avx2 smep bmi2 rdseed adx smap clflushopt clwb sha_ni xsaveopt xsavec xgetbv1 clzero xsaveerptr arat npt nrip_save umip rdpid

Online cpus: 0-7
Offline cpus: 
BIOS frequency limitation: <Not Available>
Frequency switch latency (ns): <Not Available>
Available cpu frequencies: <Not Available>
Current governor: <Not Available>
Core performance/turbo boost: <Not Available>

Memory: 4k page, physical 1048576k(442120k free), swap 0k(0k free)
Page Sizes: 4k

vm_info: OpenJDK 64-Bit Server VM (17.0.5+8-jvmci-22.3-b08) for linux-amd64 JRE (17.0.5+8-jvmci-22.3-b08), built on Oct 19 2022 09:01:27 by "buildslave" with gcc 10.3.0

END.
